{"C:\\Users\\syabi\\IP-RMT56\\server\\app.js": {"path":"C:\\Users\\syabi\\IP-RMT56\\server\\app.js","statementMap":{"0":{"start":{"line":1,"column":0},"end":{"line":3,"column":3}},"1":{"start":{"line":2,"column":4},"end":{"line":2,"column":31}},"2":{"start":{"line":5,"column":18},"end":{"line":5,"column":36}},"3":{"start":{"line":6,"column":14},"end":{"line":6,"column":23}},"4":{"start":{"line":7,"column":15},"end":{"line":7,"column":30}},"5":{"start":{"line":9,"column":17},"end":{"line":9,"column":36}},"6":{"start":{"line":10,"column":23},"end":{"line":10,"column":61}},"7":{"start":{"line":12,"column":2},"end":{"line":12,"column":18}},"8":{"start":{"line":13,"column":2},"end":{"line":13,"column":51}},"9":{"start":{"line":14,"column":2},"end":{"line":14,"column":26}},"10":{"start":{"line":16,"column":2},"end":{"line":16,"column":18}},"11":{"start":{"line":17,"column":2},"end":{"line":17,"column":24}},"12":{"start":{"line":19,"column":2},"end":{"line":19,"column":23}}},"fnMap":{},"branchMap":{"0":{"loc":{"start":{"line":1,"column":0},"end":{"line":3,"column":3}},"type":"if","locations":[{"start":{"line":1,"column":0},"end":{"line":3,"column":3}},{"start":{},"end":{}}],"line":1}},"s":{"0":3,"1":3,"2":3,"3":3,"4":3,"5":3,"6":3,"7":3,"8":3,"9":3,"10":3,"11":3,"12":3},"f":{},"b":{"0":[3,0]},"_coverageSchema":"1a1c01bbd47fc00a2c39e90264f33305004495a9","hash":"e4e6d0a829d703430d87a1bd0f7dce547284a349"}
,"C:\\Users\\syabi\\IP-RMT56\\server\\controllers\\geminiAIController.js": {"path":"C:\\Users\\syabi\\IP-RMT56\\server\\controllers\\geminiAIController.js","statementMap":{"0":{"start":{"line":1,"column":15},"end":{"line":1,"column":45}},"1":{"start":{"line":5,"column":4},"end":{"line":13,"column":5}},"2":{"start":{"line":6,"column":29},"end":{"line":6,"column":37}},"3":{"start":{"line":7,"column":17},"end":{"line":7,"column":41}},"4":{"start":{"line":9,"column":6},"end":{"line":9,"column":33}},"5":{"start":{"line":11,"column":6},"end":{"line":11,"column":23}},"6":{"start":{"line":12,"column":6},"end":{"line":12,"column":16}},"7":{"start":{"line":17,"column":0},"end":{"line":17,"column":36}}},"fnMap":{"0":{"name":"(anonymous_0)","decl":{"start":{"line":4,"column":2},"end":{"line":4,"column":3}},"loc":{"start":{"line":4,"column":37},"end":{"line":14,"column":3}},"line":4}},"branchMap":{},"s":{"0":4,"1":4,"2":4,"3":4,"4":2,"5":2,"6":2,"7":4},"f":{"0":4},"b":{},"_coverageSchema":"1a1c01bbd47fc00a2c39e90264f33305004495a9","hash":"db5880bbcbd31da3e064b76c15e2e5067b69723d"}
,"C:\\Users\\syabi\\IP-RMT56\\server\\controllers\\myListsController.js": {"path":"C:\\Users\\syabi\\IP-RMT56\\server\\controllers\\myListsController.js","statementMap":{"0":{"start":{"line":1,"column":31},"end":{"line":1,"column":51}},"1":{"start":{"line":2,"column":14},"end":{"line":2,"column":30}},"2":{"start":{"line":5,"column":26},"end":{"line":5,"column":34}},"3":{"start":{"line":6,"column":19},"end":{"line":6,"column":30}},"4":{"start":{"line":8,"column":4},"end":{"line":10,"column":5}},"5":{"start":{"line":9,"column":6},"end":{"line":9,"column":71}},"6":{"start":{"line":12,"column":4},"end":{"line":45,"column":5}},"7":{"start":{"line":13,"column":22},"end":{"line":13,"column":55}},"8":{"start":{"line":14,"column":6},"end":{"line":16,"column":7}},"9":{"start":{"line":15,"column":8},"end":{"line":15,"column":73}},"10":{"start":{"line":17,"column":28},"end":{"line":19,"column":8}},"11":{"start":{"line":21,"column":6},"end":{"line":23,"column":7}},"12":{"start":{"line":22,"column":8},"end":{"line":22,"column":88}},"13":{"start":{"line":25,"column":23},"end":{"line":28,"column":8}},"14":{"start":{"line":30,"column":27},"end":{"line":39,"column":8}},"15":{"start":{"line":41,"column":5},"end":{"line":41,"column":40}},"16":{"start":{"line":43,"column":6},"end":{"line":43,"column":56}},"17":{"start":{"line":44,"column":5},"end":{"line":44,"column":62}},"18":{"start":{"line":49,"column":4},"end":{"line":66,"column":5}},"19":{"start":{"line":50,"column":21},"end":{"line":50,"column":32}},"20":{"start":{"line":52,"column":23},"end":{"line":61,"column":8}},"21":{"start":{"line":63,"column":6},"end":{"line":63,"column":37}},"22":{"start":{"line":65,"column":6},"end":{"line":65,"column":53}},"23":{"start":{"line":70,"column":4},"end":{"line":94,"column":5}},"24":{"start":{"line":71,"column":21},"end":{"line":71,"column":31}},"25":{"start":{"line":72,"column":21},"end":{"line":72,"column":32}},"26":{"start":{"line":74,"column":24},"end":{"line":83,"column":8}},"27":{"start":{"line":85,"column":6},"end":{"line":89,"column":7}},"28":{"start":{"line":86,"column":8},"end":{"line":88,"column":73}},"29":{"start":{"line":91,"column":6},"end":{"line":91,"column":38}},"30":{"start":{"line":93,"column":6},"end":{"line":93,"column":53}},"31":{"start":{"line":98,"column":4},"end":{"line":150,"column":5}},"32":{"start":{"line":99,"column":21},"end":{"line":99,"column":31}},"33":{"start":{"line":100,"column":28},"end":{"line":100,"column":36}},"34":{"start":{"line":101,"column":21},"end":{"line":101,"column":32}},"35":{"start":{"line":103,"column":6},"end":{"line":105,"column":7}},"36":{"start":{"line":104,"column":8},"end":{"line":104,"column":73}},"37":{"start":{"line":107,"column":22},"end":{"line":107,"column":55}},"38":{"start":{"line":108,"column":6},"end":{"line":110,"column":7}},"39":{"start":{"line":109,"column":8},"end":{"line":109,"column":68}},"40":{"start":{"line":112,"column":24},"end":{"line":114,"column":8}},"41":{"start":{"line":115,"column":7},"end":{"line":115,"column":42}},"42":{"start":{"line":117,"column":6},"end":{"line":121,"column":7}},"43":{"start":{"line":118,"column":8},"end":{"line":120,"column":75}},"44":{"start":{"line":123,"column":28},"end":{"line":125,"column":8}},"45":{"start":{"line":127,"column":6},"end":{"line":133,"column":7}},"46":{"start":{"line":128,"column":8},"end":{"line":130,"column":11}},"47":{"start":{"line":132,"column":8},"end":{"line":132,"column":50}},"48":{"start":{"line":135,"column":31},"end":{"line":144,"column":8}},"49":{"start":{"line":146,"column":6},"end":{"line":146,"column":45}},"50":{"start":{"line":148,"column":6},"end":{"line":148,"column":61}},"51":{"start":{"line":149,"column":6},"end":{"line":149,"column":63}},"52":{"start":{"line":154,"column":4},"end":{"line":170,"column":5}},"53":{"start":{"line":155,"column":21},"end":{"line":155,"column":31}},"54":{"start":{"line":156,"column":21},"end":{"line":156,"column":32}},"55":{"start":{"line":158,"column":24},"end":{"line":158,"column":74}},"56":{"start":{"line":159,"column":6},"end":{"line":163,"column":7}},"57":{"start":{"line":160,"column":8},"end":{"line":162,"column":75}},"58":{"start":{"line":165,"column":6},"end":{"line":165,"column":49}},"59":{"start":{"line":167,"column":6},"end":{"line":167,"column":29}},"60":{"start":{"line":169,"column":6},"end":{"line":169,"column":53}},"61":{"start":{"line":174,"column":0},"end":{"line":174,"column":34}}},"fnMap":{"0":{"name":"(anonymous_0)","decl":{"start":{"line":4,"column":2},"end":{"line":4,"column":3}},"loc":{"start":{"line":4,"column":41},"end":{"line":46,"column":3}},"line":4},"1":{"name":"(anonymous_1)","decl":{"start":{"line":48,"column":2},"end":{"line":48,"column":3}},"loc":{"start":{"line":48,"column":39},"end":{"line":67,"column":3}},"line":48},"2":{"name":"(anonymous_2)","decl":{"start":{"line":69,"column":2},"end":{"line":69,"column":3}},"loc":{"start":{"line":69,"column":42},"end":{"line":95,"column":3}},"line":69},"3":{"name":"(anonymous_3)","decl":{"start":{"line":97,"column":2},"end":{"line":97,"column":3}},"loc":{"start":{"line":97,"column":41},"end":{"line":151,"column":3}},"line":97},"4":{"name":"(anonymous_4)","decl":{"start":{"line":153,"column":2},"end":{"line":153,"column":3}},"loc":{"start":{"line":153,"column":41},"end":{"line":171,"column":3}},"line":153}},"branchMap":{"0":{"loc":{"start":{"line":8,"column":4},"end":{"line":10,"column":5}},"type":"if","locations":[{"start":{"line":8,"column":4},"end":{"line":10,"column":5}},{"start":{},"end":{}}],"line":8},"1":{"loc":{"start":{"line":14,"column":6},"end":{"line":16,"column":7}},"type":"if","locations":[{"start":{"line":14,"column":6},"end":{"line":16,"column":7}},{"start":{},"end":{}}],"line":14},"2":{"loc":{"start":{"line":21,"column":6},"end":{"line":23,"column":7}},"type":"if","locations":[{"start":{"line":21,"column":6},"end":{"line":23,"column":7}},{"start":{},"end":{}}],"line":21},"3":{"loc":{"start":{"line":85,"column":6},"end":{"line":89,"column":7}},"type":"if","locations":[{"start":{"line":85,"column":6},"end":{"line":89,"column":7}},{"start":{},"end":{}}],"line":85},"4":{"loc":{"start":{"line":103,"column":6},"end":{"line":105,"column":7}},"type":"if","locations":[{"start":{"line":103,"column":6},"end":{"line":105,"column":7}},{"start":{},"end":{}}],"line":103},"5":{"loc":{"start":{"line":108,"column":6},"end":{"line":110,"column":7}},"type":"if","locations":[{"start":{"line":108,"column":6},"end":{"line":110,"column":7}},{"start":{},"end":{}}],"line":108},"6":{"loc":{"start":{"line":117,"column":6},"end":{"line":121,"column":7}},"type":"if","locations":[{"start":{"line":117,"column":6},"end":{"line":121,"column":7}},{"start":{},"end":{}}],"line":117},"7":{"loc":{"start":{"line":127,"column":6},"end":{"line":133,"column":7}},"type":"if","locations":[{"start":{"line":127,"column":6},"end":{"line":133,"column":7}},{"start":{"line":131,"column":13},"end":{"line":133,"column":7}}],"line":127},"8":{"loc":{"start":{"line":159,"column":6},"end":{"line":163,"column":7}},"type":"if","locations":[{"start":{"line":159,"column":6},"end":{"line":163,"column":7}},{"start":{},"end":{}}],"line":159}},"s":{"0":4,"1":4,"2":5,"3":5,"4":5,"5":1,"6":4,"7":4,"8":3,"9":1,"10":2,"11":2,"12":2,"13":0,"14":0,"15":0,"16":1,"17":1,"18":2,"19":2,"20":2,"21":1,"22":1,"23":3,"24":3,"25":3,"26":3,"27":2,"28":1,"29":1,"30":1,"31":5,"32":5,"33":5,"34":5,"35":5,"36":1,"37":4,"38":3,"39":1,"40":2,"41":2,"42":2,"43":1,"44":1,"45":1,"46":1,"47":0,"48":1,"49":1,"50":1,"51":1,"52":3,"53":3,"54":3,"55":3,"56":2,"57":1,"58":1,"59":1,"60":1,"61":4},"f":{"0":5,"1":2,"2":3,"3":5,"4":3},"b":{"0":[1,4],"1":[1,2],"2":[2,0],"3":[1,1],"4":[1,4],"5":[1,2],"6":[1,1],"7":[1,0],"8":[1,1]},"_coverageSchema":"1a1c01bbd47fc00a2c39e90264f33305004495a9","hash":"628aeea1606af1c3a06735c1f0ce4f0722a96fa9"}
,"C:\\Users\\syabi\\IP-RMT56\\server\\controllers\\pokemonController.js": {"path":"C:\\Users\\syabi\\IP-RMT56\\server\\controllers\\pokemonController.js","statementMap":{"0":{"start":{"line":1,"column":14},"end":{"line":1,"column":30}},"1":{"start":{"line":2,"column":16},"end":{"line":2,"column":44}},"2":{"start":{"line":6,"column":4},"end":{"line":46,"column":5}},"3":{"start":{"line":7,"column":38},"end":{"line":7,"column":47}},"4":{"start":{"line":8,"column":21},"end":{"line":8,"column":39}},"5":{"start":{"line":10,"column":23},"end":{"line":16,"column":8}},"6":{"start":{"line":18,"column":6},"end":{"line":26,"column":7}},"7":{"start":{"line":19,"column":8},"end":{"line":25,"column":11}},"8":{"start":{"line":28,"column":20},"end":{"line":28,"column":30}},"9":{"start":{"line":29,"column":25},"end":{"line":29,"column":49}},"10":{"start":{"line":31,"column":32},"end":{"line":35,"column":9}},"11":{"start":{"line":31,"column":70},"end":{"line":35,"column":7}},"12":{"start":{"line":37,"column":6},"end":{"line":43,"column":9}},"13":{"start":{"line":45,"column":6},"end":{"line":45,"column":16}},"14":{"start":{"line":50,"column":0},"end":{"line":50,"column":35}}},"fnMap":{"0":{"name":"(anonymous_0)","decl":{"start":{"line":5,"column":2},"end":{"line":5,"column":3}},"loc":{"start":{"line":5,"column":43},"end":{"line":47,"column":3}},"line":5},"1":{"name":"(anonymous_1)","decl":{"start":{"line":31,"column":49},"end":{"line":31,"column":50}},"loc":{"start":{"line":31,"column":70},"end":{"line":35,"column":7}},"line":31}},"branchMap":{"0":{"loc":{"start":{"line":7,"column":14},"end":{"line":7,"column":22}},"type":"default-arg","locations":[{"start":{"line":7,"column":21},"end":{"line":7,"column":22}}],"line":7},"1":{"loc":{"start":{"line":7,"column":24},"end":{"line":7,"column":33}},"type":"default-arg","locations":[{"start":{"line":7,"column":32},"end":{"line":7,"column":33}}],"line":7},"2":{"loc":{"start":{"line":18,"column":6},"end":{"line":26,"column":7}},"type":"if","locations":[{"start":{"line":18,"column":6},"end":{"line":26,"column":7}},{"start":{},"end":{}}],"line":18},"3":{"loc":{"start":{"line":18,"column":10},"end":{"line":18,"column":44}},"type":"binary-expr","locations":[{"start":{"line":18,"column":10},"end":{"line":18,"column":15}},{"start":{"line":18,"column":19},"end":{"line":18,"column":44}}],"line":18}},"s":{"0":3,"1":3,"2":0,"3":0,"4":0,"5":0,"6":0,"7":0,"8":0,"9":0,"10":0,"11":0,"12":0,"13":0,"14":3},"f":{"0":0,"1":0},"b":{"0":[0],"1":[0],"2":[0,0],"3":[0,0]},"_coverageSchema":"1a1c01bbd47fc00a2c39e90264f33305004495a9","hash":"dfdf6dfc2f704d643c1de2e6824d59fc2ea9262b"}
,"C:\\Users\\syabi\\IP-RMT56\\server\\controllers\\userController.js": {"path":"C:\\Users\\syabi\\IP-RMT56\\server\\controllers\\userController.js","statementMap":{"0":{"start":{"line":1,"column":25},"end":{"line":1,"column":55}},"1":{"start":{"line":2,"column":24},"end":{"line":2,"column":52}},"2":{"start":{"line":3,"column":22},"end":{"line":3,"column":47}},"3":{"start":{"line":4,"column":17},"end":{"line":4,"column":37}},"4":{"start":{"line":6,"column":15},"end":{"line":6,"column":61}},"5":{"start":{"line":10,"column":4},"end":{"line":36,"column":5}},"6":{"start":{"line":11,"column":34},"end":{"line":11,"column":42}},"7":{"start":{"line":13,"column":6},"end":{"line":15,"column":7}},"8":{"start":{"line":14,"column":8},"end":{"line":14,"column":40}},"9":{"start":{"line":16,"column":6},"end":{"line":18,"column":7}},"10":{"start":{"line":17,"column":8},"end":{"line":17,"column":43}},"11":{"start":{"line":20,"column":27},"end":{"line":20,"column":67}},"12":{"start":{"line":21,"column":6},"end":{"line":23,"column":7}},"13":{"start":{"line":22,"column":8},"end":{"line":22,"column":36}},"14":{"start":{"line":25,"column":22},"end":{"line":28,"column":8}},"15":{"start":{"line":30,"column":6},"end":{"line":33,"column":9}},"16":{"start":{"line":35,"column":6},"end":{"line":35,"column":16}},"17":{"start":{"line":40,"column":4},"end":{"line":72,"column":5}},"18":{"start":{"line":41,"column":34},"end":{"line":41,"column":42}},"19":{"start":{"line":43,"column":6},"end":{"line":45,"column":7}},"20":{"start":{"line":44,"column":8},"end":{"line":44,"column":40}},"21":{"start":{"line":47,"column":6},"end":{"line":49,"column":7}},"22":{"start":{"line":48,"column":8},"end":{"line":48,"column":43}},"23":{"start":{"line":51,"column":19},"end":{"line":55,"column":8}},"24":{"start":{"line":57,"column":6},"end":{"line":59,"column":7}},"25":{"start":{"line":58,"column":8},"end":{"line":58,"column":42}},"26":{"start":{"line":61,"column":23},"end":{"line":61,"column":59}},"27":{"start":{"line":63,"column":6},"end":{"line":65,"column":7}},"28":{"start":{"line":64,"column":8},"end":{"line":64,"column":42}},"29":{"start":{"line":67,"column":27},"end":{"line":67,"column":53}},"30":{"start":{"line":69,"column":6},"end":{"line":69,"column":62}},"31":{"start":{"line":71,"column":6},"end":{"line":71,"column":16}},"32":{"start":{"line":76,"column":4},"end":{"line":108,"column":5}},"33":{"start":{"line":77,"column":26},"end":{"line":77,"column":34}},"34":{"start":{"line":79,"column":21},"end":{"line":82,"column":8}},"35":{"start":{"line":84,"column":22},"end":{"line":84,"column":41}},"36":{"start":{"line":85,"column":20},"end":{"line":85,"column":33}},"37":{"start":{"line":87,"column":17},"end":{"line":87,"column":57}},"38":{"start":{"line":89,"column":6},"end":{"line":101,"column":7}},"39":{"start":{"line":90,"column":8},"end":{"line":96,"column":10}},"40":{"start":{"line":98,"column":8},"end":{"line":100,"column":9}},"41":{"start":{"line":99,"column":10},"end":{"line":99,"column":41}},"42":{"start":{"line":103,"column":27},"end":{"line":103,"column":53}},"43":{"start":{"line":105,"column":6},"end":{"line":105,"column":62}},"44":{"start":{"line":107,"column":6},"end":{"line":107,"column":16}},"45":{"start":{"line":112,"column":0},"end":{"line":112,"column":32}}},"fnMap":{"0":{"name":"(anonymous_0)","decl":{"start":{"line":9,"column":2},"end":{"line":9,"column":3}},"loc":{"start":{"line":9,"column":40},"end":{"line":37,"column":3}},"line":9},"1":{"name":"(anonymous_1)","decl":{"start":{"line":39,"column":2},"end":{"line":39,"column":3}},"loc":{"start":{"line":39,"column":37},"end":{"line":73,"column":3}},"line":39},"2":{"name":"(anonymous_2)","decl":{"start":{"line":75,"column":2},"end":{"line":75,"column":3}},"loc":{"start":{"line":75,"column":43},"end":{"line":109,"column":3}},"line":75}},"branchMap":{"0":{"loc":{"start":{"line":13,"column":6},"end":{"line":15,"column":7}},"type":"if","locations":[{"start":{"line":13,"column":6},"end":{"line":15,"column":7}},{"start":{},"end":{}}],"line":13},"1":{"loc":{"start":{"line":16,"column":6},"end":{"line":18,"column":7}},"type":"if","locations":[{"start":{"line":16,"column":6},"end":{"line":18,"column":7}},{"start":{},"end":{}}],"line":16},"2":{"loc":{"start":{"line":21,"column":6},"end":{"line":23,"column":7}},"type":"if","locations":[{"start":{"line":21,"column":6},"end":{"line":23,"column":7}},{"start":{},"end":{}}],"line":21},"3":{"loc":{"start":{"line":43,"column":6},"end":{"line":45,"column":7}},"type":"if","locations":[{"start":{"line":43,"column":6},"end":{"line":45,"column":7}},{"start":{},"end":{}}],"line":43},"4":{"loc":{"start":{"line":47,"column":6},"end":{"line":49,"column":7}},"type":"if","locations":[{"start":{"line":47,"column":6},"end":{"line":49,"column":7}},{"start":{},"end":{}}],"line":47},"5":{"loc":{"start":{"line":57,"column":6},"end":{"line":59,"column":7}},"type":"if","locations":[{"start":{"line":57,"column":6},"end":{"line":59,"column":7}},{"start":{},"end":{}}],"line":57},"6":{"loc":{"start":{"line":63,"column":6},"end":{"line":65,"column":7}},"type":"if","locations":[{"start":{"line":63,"column":6},"end":{"line":65,"column":7}},{"start":{},"end":{}}],"line":63},"7":{"loc":{"start":{"line":89,"column":6},"end":{"line":101,"column":7}},"type":"if","locations":[{"start":{"line":89,"column":6},"end":{"line":101,"column":7}},{"start":{"line":97,"column":13},"end":{"line":101,"column":7}}],"line":89},"8":{"loc":{"start":{"line":98,"column":8},"end":{"line":100,"column":9}},"type":"if","locations":[{"start":{"line":98,"column":8},"end":{"line":100,"column":9}},{"start":{},"end":{}}],"line":98}},"s":{"0":3,"1":3,"2":3,"3":3,"4":3,"5":5,"6":5,"7":5,"8":1,"9":4,"10":1,"11":3,"12":3,"13":1,"14":2,"15":2,"16":3,"17":5,"18":5,"19":5,"20":1,"21":4,"22":1,"23":3,"24":3,"25":1,"26":2,"27":2,"28":1,"29":1,"30":1,"31":4,"32":0,"33":0,"34":0,"35":0,"36":0,"37":0,"38":0,"39":0,"40":0,"41":0,"42":0,"43":0,"44":0,"45":3},"f":{"0":5,"1":5,"2":0},"b":{"0":[1,4],"1":[1,3],"2":[1,2],"3":[1,4],"4":[1,3],"5":[1,2],"6":[1,1],"7":[0,0],"8":[0,0]},"_coverageSchema":"1a1c01bbd47fc00a2c39e90264f33305004495a9","hash":"28cb61883450701a94207bbe39b801e5aeb0efe2"}
,"C:\\Users\\syabi\\IP-RMT56\\server\\helpers\\bcrypt.js": {"path":"C:\\Users\\syabi\\IP-RMT56\\server\\helpers\\bcrypt.js","statementMap":{"0":{"start":{"line":1,"column":15},"end":{"line":1,"column":34}},"1":{"start":{"line":3,"column":17},"end":{"line":6,"column":1}},"2":{"start":{"line":4,"column":17},"end":{"line":4,"column":39}},"3":{"start":{"line":5,"column":4},"end":{"line":5,"column":42}},"4":{"start":{"line":8,"column":20},"end":{"line":10,"column":1}},"5":{"start":{"line":9,"column":4},"end":{"line":9,"column":45}},"6":{"start":{"line":12,"column":0},"end":{"line":12,"column":42}}},"fnMap":{"0":{"name":"(anonymous_0)","decl":{"start":{"line":3,"column":17},"end":{"line":3,"column":18}},"loc":{"start":{"line":3,"column":31},"end":{"line":6,"column":1}},"line":3},"1":{"name":"(anonymous_1)","decl":{"start":{"line":8,"column":20},"end":{"line":8,"column":21}},"loc":{"start":{"line":8,"column":40},"end":{"line":10,"column":1}},"line":8}},"branchMap":{},"s":{"0":4,"1":4,"2":2,"3":2,"4":4,"5":2,"6":4},"f":{"0":2,"1":2},"b":{},"_coverageSchema":"1a1c01bbd47fc00a2c39e90264f33305004495a9","hash":"f1fa5308b5ae85c5c73cc4341b119d7954aeefdf"}
,"C:\\Users\\syabi\\IP-RMT56\\server\\helpers\\geminiAI.js": {"path":"C:\\Users\\syabi\\IP-RMT56\\server\\helpers\\geminiAI.js","statementMap":{"0":{"start":{"line":1,"column":31},"end":{"line":1,"column":63}},"1":{"start":{"line":2,"column":0},"end":{"line":2,"column":27}},"2":{"start":{"line":4,"column":15},"end":{"line":26,"column":1}},"3":{"start":{"line":5,"column":23},"end":{"line":5,"column":52}},"4":{"start":{"line":7,"column":16},"end":{"line":7,"column":52}},"5":{"start":{"line":9,"column":16},"end":{"line":9,"column":71}},"6":{"start":{"line":11,"column":21},"end":{"line":11,"column":54}},"7":{"start":{"line":13,"column":17},"end":{"line":15,"column":39}},"8":{"start":{"line":17,"column":2},"end":{"line":25,"column":3}},"9":{"start":{"line":18,"column":19},"end":{"line":18,"column":54}},"10":{"start":{"line":20,"column":19},"end":{"line":20,"column":47}},"11":{"start":{"line":21,"column":4},"end":{"line":21,"column":18}},"12":{"start":{"line":23,"column":4},"end":{"line":23,"column":62}},"13":{"start":{"line":24,"column":4},"end":{"line":24,"column":57}},"14":{"start":{"line":28,"column":0},"end":{"line":28,"column":24}}},"fnMap":{"0":{"name":"(anonymous_0)","decl":{"start":{"line":4,"column":15},"end":{"line":4,"column":16}},"loc":{"start":{"line":4,"column":37},"end":{"line":26,"column":1}},"line":4}},"branchMap":{"0":{"loc":{"start":{"line":13,"column":17},"end":{"line":15,"column":39}},"type":"cond-expr","locations":[{"start":{"line":14,"column":6},"end":{"line":14,"column":35}},{"start":{"line":15,"column":6},"end":{"line":15,"column":39}}],"line":13}},"s":{"0":4,"1":4,"2":4,"3":0,"4":0,"5":0,"6":0,"7":0,"8":0,"9":0,"10":0,"11":0,"12":0,"13":0,"14":4},"f":{"0":0},"b":{"0":[0,0]},"_coverageSchema":"1a1c01bbd47fc00a2c39e90264f33305004495a9","hash":"abd96b1334fd54f48774448b98459664fbeeb111"}
,"C:\\Users\\syabi\\IP-RMT56\\server\\helpers\\jwt.js": {"path":"C:\\Users\\syabi\\IP-RMT56\\server\\helpers\\jwt.js","statementMap":{"0":{"start":{"line":1,"column":12},"end":{"line":1,"column":35}},"1":{"start":{"line":3,"column":15},"end":{"line":3,"column":37}},"2":{"start":{"line":5,"column":18},"end":{"line":7,"column":1}},"3":{"start":{"line":6,"column":4},"end":{"line":6,"column":36}},"4":{"start":{"line":9,"column":20},"end":{"line":11,"column":1}},"5":{"start":{"line":10,"column":4},"end":{"line":10,"column":36}},"6":{"start":{"line":13,"column":0},"end":{"line":13,"column":43}}},"fnMap":{"0":{"name":"(anonymous_0)","decl":{"start":{"line":5,"column":18},"end":{"line":5,"column":19}},"loc":{"start":{"line":5,"column":31},"end":{"line":7,"column":1}},"line":5},"1":{"name":"(anonymous_1)","decl":{"start":{"line":9,"column":20},"end":{"line":9,"column":21}},"loc":{"start":{"line":9,"column":31},"end":{"line":11,"column":1}},"line":9}},"branchMap":{},"s":{"0":3,"1":3,"2":3,"3":1,"4":3,"5":0,"6":3},"f":{"0":1,"1":0},"b":{},"_coverageSchema":"1a1c01bbd47fc00a2c39e90264f33305004495a9","hash":"2819e29f3e775131cf1a42475c668025c39fa445"}
,"C:\\Users\\syabi\\IP-RMT56\\server\\middlewares\\authentication.js": {"path":"C:\\Users\\syabi\\IP-RMT56\\server\\middlewares\\authentication.js","statementMap":{"0":{"start":{"line":1,"column":17},"end":{"line":1,"column":37}},"1":{"start":{"line":2,"column":24},"end":{"line":2,"column":49}},"2":{"start":{"line":4,"column":23},"end":{"line":30,"column":1}},"3":{"start":{"line":5,"column":2},"end":{"line":29,"column":3}},"4":{"start":{"line":7,"column":24},"end":{"line":7,"column":49}},"5":{"start":{"line":8,"column":4},"end":{"line":10,"column":5}},"6":{"start":{"line":9,"column":6},"end":{"line":9,"column":37}},"7":{"start":{"line":13,"column":18},"end":{"line":13,"column":43}},"8":{"start":{"line":14,"column":21},"end":{"line":14,"column":39}},"9":{"start":{"line":17,"column":17},"end":{"line":17,"column":49}},"10":{"start":{"line":18,"column":4},"end":{"line":20,"column":5}},"11":{"start":{"line":19,"column":6},"end":{"line":19,"column":37}},"12":{"start":{"line":21,"column":4},"end":{"line":21,"column":22}},"13":{"start":{"line":23,"column":4},"end":{"line":25,"column":6}},"14":{"start":{"line":26,"column":4},"end":{"line":26,"column":11}},"15":{"start":{"line":28,"column":4},"end":{"line":28,"column":14}},"16":{"start":{"line":32,"column":0},"end":{"line":32,"column":32}}},"fnMap":{"0":{"name":"(anonymous_0)","decl":{"start":{"line":4,"column":23},"end":{"line":4,"column":24}},"loc":{"start":{"line":4,"column":49},"end":{"line":30,"column":1}},"line":4}},"branchMap":{"0":{"loc":{"start":{"line":8,"column":4},"end":{"line":10,"column":5}},"type":"if","locations":[{"start":{"line":8,"column":4},"end":{"line":10,"column":5}},{"start":{},"end":{}}],"line":8},"1":{"loc":{"start":{"line":18,"column":4},"end":{"line":20,"column":5}},"type":"if","locations":[{"start":{"line":18,"column":4},"end":{"line":20,"column":5}},{"start":{},"end":{}}],"line":18}},"s":{"0":3,"1":3,"2":3,"3":3,"4":3,"5":3,"6":3,"7":0,"8":0,"9":0,"10":0,"11":0,"12":0,"13":0,"14":0,"15":3,"16":3},"f":{"0":3},"b":{"0":[3,0],"1":[0,0]},"_coverageSchema":"1a1c01bbd47fc00a2c39e90264f33305004495a9","hash":"04db37b2f14418f72da355a80223fbae6026bea6"}
,"C:\\Users\\syabi\\IP-RMT56\\server\\middlewares\\errorsHandler.js": {"path":"C:\\Users\\syabi\\IP-RMT56\\server\\middlewares\\errorsHandler.js","statementMap":{"0":{"start":{"line":1,"column":21},"end":{"line":45,"column":1}},"1":{"start":{"line":2,"column":16},"end":{"line":2,"column":39}},"2":{"start":{"line":3,"column":15},"end":{"line":3,"column":18}},"3":{"start":{"line":6,"column":2},"end":{"line":40,"column":3}},"4":{"start":{"line":7,"column":4},"end":{"line":7,"column":17}},"5":{"start":{"line":8,"column":4},"end":{"line":8,"column":40}},"6":{"start":{"line":9,"column":9},"end":{"line":40,"column":3}},"7":{"start":{"line":10,"column":4},"end":{"line":10,"column":17}},"8":{"start":{"line":11,"column":4},"end":{"line":11,"column":30}},"9":{"start":{"line":12,"column":9},"end":{"line":40,"column":3}},"10":{"start":{"line":13,"column":4},"end":{"line":13,"column":17}},"11":{"start":{"line":14,"column":4},"end":{"line":14,"column":42}},"12":{"start":{"line":15,"column":9},"end":{"line":40,"column":3}},"13":{"start":{"line":16,"column":4},"end":{"line":16,"column":17}},"14":{"start":{"line":17,"column":4},"end":{"line":17,"column":38}},"15":{"start":{"line":18,"column":9},"end":{"line":40,"column":3}},"16":{"start":{"line":19,"column":4},"end":{"line":19,"column":17}},"17":{"start":{"line":20,"column":4},"end":{"line":21,"column":88}},"18":{"start":{"line":25,"column":7},"end":{"line":40,"column":3}},"19":{"start":{"line":29,"column":4},"end":{"line":29,"column":17}},"20":{"start":{"line":30,"column":4},"end":{"line":30,"column":36}},"21":{"start":{"line":31,"column":9},"end":{"line":40,"column":3}},"22":{"start":{"line":32,"column":4},"end":{"line":32,"column":17}},"23":{"start":{"line":33,"column":4},"end":{"line":33,"column":34}},"24":{"start":{"line":34,"column":9},"end":{"line":40,"column":3}},"25":{"start":{"line":35,"column":4},"end":{"line":35,"column":17}},"26":{"start":{"line":36,"column":4},"end":{"line":36,"column":37}},"27":{"start":{"line":37,"column":9},"end":{"line":40,"column":3}},"28":{"start":{"line":38,"column":4},"end":{"line":38,"column":17}},"29":{"start":{"line":39,"column":4},"end":{"line":39,"column":35}},"30":{"start":{"line":42,"column":2},"end":{"line":44,"column":5}},"31":{"start":{"line":47,"column":0},"end":{"line":47,"column":30}}},"fnMap":{"0":{"name":"(anonymous_0)","decl":{"start":{"line":1,"column":21},"end":{"line":1,"column":22}},"loc":{"start":{"line":1,"column":46},"end":{"line":45,"column":1}},"line":1}},"branchMap":{"0":{"loc":{"start":{"line":6,"column":2},"end":{"line":40,"column":3}},"type":"if","locations":[{"start":{"line":6,"column":2},"end":{"line":40,"column":3}},{"start":{"line":9,"column":9},"end":{"line":40,"column":3}}],"line":6},"1":{"loc":{"start":{"line":6,"column":6},"end":{"line":6,"column":74}},"type":"binary-expr","locations":[{"start":{"line":6,"column":6},"end":{"line":6,"column":43}},{"start":{"line":6,"column":47},"end":{"line":6,"column":74}}],"line":6},"2":{"loc":{"start":{"line":9,"column":9},"end":{"line":40,"column":3}},"type":"if","locations":[{"start":{"line":9,"column":9},"end":{"line":40,"column":3}},{"start":{"line":12,"column":9},"end":{"line":40,"column":3}}],"line":9},"3":{"loc":{"start":{"line":12,"column":9},"end":{"line":40,"column":3}},"type":"if","locations":[{"start":{"line":12,"column":9},"end":{"line":40,"column":3}},{"start":{"line":15,"column":9},"end":{"line":40,"column":3}}],"line":12},"4":{"loc":{"start":{"line":15,"column":9},"end":{"line":40,"column":3}},"type":"if","locations":[{"start":{"line":15,"column":9},"end":{"line":40,"column":3}},{"start":{"line":18,"column":9},"end":{"line":40,"column":3}}],"line":15},"5":{"loc":{"start":{"line":18,"column":9},"end":{"line":40,"column":3}},"type":"if","locations":[{"start":{"line":18,"column":9},"end":{"line":40,"column":3}},{"start":{"line":25,"column":7},"end":{"line":40,"column":3}}],"line":18},"6":{"loc":{"start":{"line":25,"column":7},"end":{"line":40,"column":3}},"type":"if","locations":[{"start":{"line":25,"column":7},"end":{"line":40,"column":3}},{"start":{"line":31,"column":9},"end":{"line":40,"column":3}}],"line":25},"7":{"loc":{"start":{"line":26,"column":4},"end":{"line":27,"column":43}},"type":"binary-expr","locations":[{"start":{"line":26,"column":4},"end":{"line":26,"column":49}},{"start":{"line":27,"column":4},"end":{"line":27,"column":43}}],"line":26},"8":{"loc":{"start":{"line":31,"column":9},"end":{"line":40,"column":3}},"type":"if","locations":[{"start":{"line":31,"column":9},"end":{"line":40,"column":3}},{"start":{"line":34,"column":9},"end":{"line":40,"column":3}}],"line":31},"9":{"loc":{"start":{"line":34,"column":9},"end":{"line":40,"column":3}},"type":"if","locations":[{"start":{"line":34,"column":9},"end":{"line":40,"column":3}},{"start":{"line":37,"column":9},"end":{"line":40,"column":3}}],"line":34},"10":{"loc":{"start":{"line":37,"column":9},"end":{"line":40,"column":3}},"type":"if","locations":[{"start":{"line":37,"column":9},"end":{"line":40,"column":3}},{"start":{},"end":{}}],"line":37}},"s":{"0":3,"1":11,"2":11,"3":11,"4":3,"5":3,"6":8,"7":0,"8":0,"9":8,"10":2,"11":2,"12":6,"13":0,"14":0,"15":6,"16":0,"17":0,"18":6,"19":0,"20":0,"21":6,"22":2,"23":2,"24":4,"25":2,"26":2,"27":2,"28":1,"29":1,"30":11,"31":3},"f":{"0":11},"b":{"0":[3,8],"1":[11,11],"2":[0,8],"3":[2,6],"4":[0,6],"5":[0,6],"6":[0,6],"7":[6,6],"8":[2,4],"9":[2,2],"10":[1,1]},"_coverageSchema":"1a1c01bbd47fc00a2c39e90264f33305004495a9","hash":"55704b8cfdf50c7adcaee5e4bcd280c1594804ef"}
,"C:\\Users\\syabi\\IP-RMT56\\server\\models\\index.js": {"path":"C:\\Users\\syabi\\IP-RMT56\\server\\models\\index.js","statementMap":{"0":{"start":{"line":3,"column":11},"end":{"line":3,"column":24}},"1":{"start":{"line":4,"column":13},"end":{"line":4,"column":28}},"2":{"start":{"line":5,"column":18},"end":{"line":5,"column":38}},"3":{"start":{"line":6,"column":16},"end":{"line":6,"column":34}},"4":{"start":{"line":7,"column":17},"end":{"line":7,"column":42}},"5":{"start":{"line":8,"column":12},"end":{"line":8,"column":49}},"6":{"start":{"line":9,"column":15},"end":{"line":9,"column":65}},"7":{"start":{"line":10,"column":11},"end":{"line":10,"column":13}},"8":{"start":{"line":13,"column":0},"end":{"line":17,"column":1}},"9":{"start":{"line":14,"column":2},"end":{"line":14,"column":74}},"10":{"start":{"line":16,"column":2},"end":{"line":16,"column":87}},"11":{"start":{"line":19,"column":0},"end":{"line":32,"column":5}},"12":{"start":{"line":22,"column":4},"end":{"line":27,"column":6}},"13":{"start":{"line":30,"column":18},"end":{"line":30,"column":85}},"14":{"start":{"line":31,"column":4},"end":{"line":31,"column":27}},"15":{"start":{"line":34,"column":0},"end":{"line":38,"column":3}},"16":{"start":{"line":35,"column":2},"end":{"line":37,"column":3}},"17":{"start":{"line":36,"column":4},"end":{"line":36,"column":32}},"18":{"start":{"line":40,"column":0},"end":{"line":40,"column":25}},"19":{"start":{"line":41,"column":0},"end":{"line":41,"column":25}},"20":{"start":{"line":43,"column":0},"end":{"line":43,"column":20}}},"fnMap":{"0":{"name":"(anonymous_0)","decl":{"start":{"line":21,"column":10},"end":{"line":21,"column":11}},"loc":{"start":{"line":21,"column":18},"end":{"line":28,"column":3}},"line":21},"1":{"name":"(anonymous_1)","decl":{"start":{"line":29,"column":11},"end":{"line":29,"column":12}},"loc":{"start":{"line":29,"column":19},"end":{"line":32,"column":3}},"line":29},"2":{"name":"(anonymous_2)","decl":{"start":{"line":34,"column":24},"end":{"line":34,"column":25}},"loc":{"start":{"line":34,"column":37},"end":{"line":38,"column":1}},"line":34}},"branchMap":{"0":{"loc":{"start":{"line":8,"column":12},"end":{"line":8,"column":49}},"type":"binary-expr","locations":[{"start":{"line":8,"column":12},"end":{"line":8,"column":32}},{"start":{"line":8,"column":36},"end":{"line":8,"column":49}}],"line":8},"1":{"loc":{"start":{"line":13,"column":0},"end":{"line":17,"column":1}},"type":"if","locations":[{"start":{"line":13,"column":0},"end":{"line":17,"column":1}},{"start":{"line":15,"column":7},"end":{"line":17,"column":1}}],"line":13},"2":{"loc":{"start":{"line":23,"column":6},"end":{"line":26,"column":37}},"type":"binary-expr","locations":[{"start":{"line":23,"column":6},"end":{"line":23,"column":29}},{"start":{"line":24,"column":6},"end":{"line":24,"column":23}},{"start":{"line":25,"column":6},"end":{"line":25,"column":30}},{"start":{"line":26,"column":6},"end":{"line":26,"column":37}}],"line":23},"3":{"loc":{"start":{"line":35,"column":2},"end":{"line":37,"column":3}},"type":"if","locations":[{"start":{"line":35,"column":2},"end":{"line":37,"column":3}},{"start":{},"end":{}}],"line":35}},"s":{"0":4,"1":4,"2":4,"3":4,"4":4,"5":4,"6":4,"7":4,"8":4,"9":0,"10":4,"11":4,"12":16,"13":12,"14":12,"15":4,"16":12,"17":12,"18":4,"19":4,"20":4},"f":{"0":16,"1":12,"2":12},"b":{"0":[4,0],"1":[0,4],"2":[16,16,12,12],"3":[12,0]},"_coverageSchema":"1a1c01bbd47fc00a2c39e90264f33305004495a9","hash":"55c2bcfb998eaf0c115edfe10813502894803538"}
,"C:\\Users\\syabi\\IP-RMT56\\server\\models\\mypokemon.js": {"path":"C:\\Users\\syabi\\IP-RMT56\\server\\models\\mypokemon.js","statementMap":{"0":{"start":{"line":4,"column":4},"end":{"line":4,"column":24}},"1":{"start":{"line":5,"column":0},"end":{"line":42,"column":2}},"2":{"start":{"line":15,"column":6},"end":{"line":18,"column":9}},"3":{"start":{"line":21,"column":6},"end":{"line":24,"column":9}},"4":{"start":{"line":27,"column":2},"end":{"line":40,"column":5}},"5":{"start":{"line":41,"column":2},"end":{"line":41,"column":19}}},"fnMap":{"0":{"name":"(anonymous_0)","decl":{"start":{"line":5,"column":17},"end":{"line":5,"column":18}},"loc":{"start":{"line":5,"column":43},"end":{"line":42,"column":1}},"line":5},"1":{"name":"(anonymous_1)","decl":{"start":{"line":12,"column":4},"end":{"line":12,"column":5}},"loc":{"start":{"line":12,"column":29},"end":{"line":25,"column":5}},"line":12}},"branchMap":{},"s":{"0":4,"1":4,"2":4,"3":4,"4":4,"5":4},"f":{"0":4,"1":4},"b":{},"_coverageSchema":"1a1c01bbd47fc00a2c39e90264f33305004495a9","hash":"fa3e52e1dc5df6fdc7fc39d204851aad73946d81"}
,"C:\\Users\\syabi\\IP-RMT56\\server\\models\\pokemon.js": {"path":"C:\\Users\\syabi\\IP-RMT56\\server\\models\\pokemon.js","statementMap":{"0":{"start":{"line":4,"column":4},"end":{"line":4,"column":24}},"1":{"start":{"line":5,"column":0},"end":{"line":33,"column":2}},"2":{"start":{"line":14,"column":6},"end":{"line":17,"column":9}},"3":{"start":{"line":20,"column":2},"end":{"line":31,"column":5}},"4":{"start":{"line":32,"column":2},"end":{"line":32,"column":17}}},"fnMap":{"0":{"name":"(anonymous_0)","decl":{"start":{"line":5,"column":17},"end":{"line":5,"column":18}},"loc":{"start":{"line":5,"column":43},"end":{"line":33,"column":1}},"line":5},"1":{"name":"(anonymous_1)","decl":{"start":{"line":12,"column":4},"end":{"line":12,"column":5}},"loc":{"start":{"line":12,"column":29},"end":{"line":18,"column":5}},"line":12}},"branchMap":{},"s":{"0":4,"1":4,"2":4,"3":4,"4":4},"f":{"0":4,"1":4},"b":{},"_coverageSchema":"1a1c01bbd47fc00a2c39e90264f33305004495a9","hash":"3110fd487d8508a2c87b2fda6b3f11b8f9bede08"}
,"C:\\Users\\syabi\\IP-RMT56\\server\\models\\user.js": {"path":"C:\\Users\\syabi\\IP-RMT56\\server\\models\\user.js","statementMap":{"0":{"start":{"line":4,"column":4},"end":{"line":4,"column":24}},"1":{"start":{"line":6,"column":21},"end":{"line":6,"column":49}},"2":{"start":{"line":7,"column":0},"end":{"line":59,"column":2}},"3":{"start":{"line":16,"column":6},"end":{"line":19,"column":9}},"4":{"start":{"line":22,"column":2},"end":{"line":57,"column":5}},"5":{"start":{"line":52,"column":8},"end":{"line":52,"column":47}},"6":{"start":{"line":58,"column":2},"end":{"line":58,"column":14}}},"fnMap":{"0":{"name":"(anonymous_0)","decl":{"start":{"line":7,"column":17},"end":{"line":7,"column":18}},"loc":{"start":{"line":7,"column":43},"end":{"line":59,"column":1}},"line":7},"1":{"name":"(anonymous_1)","decl":{"start":{"line":14,"column":4},"end":{"line":14,"column":5}},"loc":{"start":{"line":14,"column":29},"end":{"line":20,"column":5}},"line":14},"2":{"name":"(anonymous_2)","decl":{"start":{"line":51,"column":6},"end":{"line":51,"column":7}},"loc":{"start":{"line":51,"column":25},"end":{"line":53,"column":7}},"line":51}},"branchMap":{},"s":{"0":4,"1":4,"2":4,"3":4,"4":4,"5":2,"6":4},"f":{"0":4,"1":4,"2":2},"b":{},"_coverageSchema":"1a1c01bbd47fc00a2c39e90264f33305004495a9","hash":"137d928aff25558a3c9ffe9162736d8d2772f87a"}
,"C:\\Users\\syabi\\IP-RMT56\\server\\routes\\index.js": {"path":"C:\\Users\\syabi\\IP-RMT56\\server\\routes\\index.js","statementMap":{"0":{"start":{"line":1,"column":16},"end":{"line":1,"column":34}},"1":{"start":{"line":2,"column":15},"end":{"line":2,"column":31}},"2":{"start":{"line":3,"column":23},"end":{"line":3,"column":63}},"3":{"start":{"line":9,"column":5},"end":{"line":9,"column":45}},"4":{"start":{"line":13,"column":5},"end":{"line":13,"column":48}},"5":{"start":{"line":20,"column":4},"end":{"line":20,"column":47}},"6":{"start":{"line":21,"column":18},"end":{"line":21,"column":62}},"7":{"start":{"line":23,"column":0},"end":{"line":23,"column":32}},"8":{"start":{"line":24,"column":0},"end":{"line":24,"column":34}},"9":{"start":{"line":26,"column":0},"end":{"line":26,"column":35}},"10":{"start":{"line":27,"column":0},"end":{"line":27,"column":29}},"11":{"start":{"line":28,"column":0},"end":{"line":28,"column":42}},"12":{"start":{"line":30,"column":0},"end":{"line":30,"column":27}},"13":{"start":{"line":31,"column":0},"end":{"line":31,"column":44}},"14":{"start":{"line":32,"column":0},"end":{"line":32,"column":41}},"15":{"start":{"line":33,"column":0},"end":{"line":33,"column":48}},"16":{"start":{"line":34,"column":0},"end":{"line":34,"column":47}},"17":{"start":{"line":35,"column":0},"end":{"line":35,"column":50}},"18":{"start":{"line":37,"column":0},"end":{"line":37,"column":24}}},"fnMap":{},"branchMap":{},"s":{"0":3,"1":3,"2":3,"3":3,"4":3,"5":3,"6":3,"7":3,"8":3,"9":3,"10":3,"11":3,"12":3,"13":3,"14":3,"15":3,"16":3,"17":3,"18":3},"f":{},"b":{},"_coverageSchema":"1a1c01bbd47fc00a2c39e90264f33305004495a9","hash":"870374e59d77a870c6a36a16f581bd8bc25ea02e"}
}
