{"C:\\Users\\Valih\\Documents\\Hacktive8\\Phase 2\\individual project\\IP-RMT56\\server\\app.js": {"path":"C:\\Users\\Valih\\Documents\\Hacktive8\\Phase 2\\individual project\\IP-RMT56\\server\\app.js","statementMap":{"0":{"start":{"line":1,"column":0},"end":{"line":3,"column":3}},"1":{"start":{"line":2,"column":4},"end":{"line":2,"column":30}},"2":{"start":{"line":5,"column":21},"end":{"line":5,"column":58}},"3":{"start":{"line":6,"column":16},"end":{"line":6,"column":34}},"4":{"start":{"line":7,"column":12},"end":{"line":7,"column":21}},"5":{"start":{"line":8,"column":15},"end":{"line":8,"column":41}},"6":{"start":{"line":9,"column":13},"end":{"line":9,"column":28}},"7":{"start":{"line":11,"column":0},"end":{"line":11,"column":16}},"8":{"start":{"line":13,"column":0},"end":{"line":13,"column":24}},"9":{"start":{"line":15,"column":0},"end":{"line":15,"column":48}},"10":{"start":{"line":17,"column":0},"end":{"line":17,"column":16}},"11":{"start":{"line":18,"column":0},"end":{"line":18,"column":22}},"12":{"start":{"line":20,"column":0},"end":{"line":20,"column":21}}},"fnMap":{},"branchMap":{"0":{"loc":{"start":{"line":1,"column":0},"end":{"line":3,"column":3}},"type":"if","locations":[{"start":{"line":1,"column":0},"end":{"line":3,"column":3}},{"start":{},"end":{}}],"line":1}},"s":{"0":4,"1":4,"2":4,"3":4,"4":4,"5":4,"6":4,"7":4,"8":4,"9":4,"10":4,"11":4,"12":4},"f":{},"b":{"0":[4,0]},"_coverageSchema":"1a1c01bbd47fc00a2c39e90264f33305004495a9","hash":"43b4502b7664de91a1a6588b235ea37c4f1206f9"}
,"C:\\Users\\Valih\\Documents\\Hacktive8\\Phase 2\\individual project\\IP-RMT56\\server\\controllers\\CartController.js": {"path":"C:\\Users\\Valih\\Documents\\Hacktive8\\Phase 2\\individual project\\IP-RMT56\\server\\controllers\\CartController.js","statementMap":{"0":{"start":{"line":1,"column":26},"end":{"line":1,"column":46}},"1":{"start":{"line":5,"column":26},"end":{"line":5,"column":34}},"2":{"start":{"line":6,"column":19},"end":{"line":6,"column":30}},"3":{"start":{"line":8,"column":4},"end":{"line":19,"column":5}},"4":{"start":{"line":9,"column":6},"end":{"line":13,"column":9}},"5":{"start":{"line":15,"column":6},"end":{"line":15,"column":93}},"6":{"start":{"line":17,"column":6},"end":{"line":17,"column":25}},"7":{"start":{"line":18,"column":6},"end":{"line":18,"column":18}},"8":{"start":{"line":23,"column":19},"end":{"line":23,"column":30}},"9":{"start":{"line":25,"column":4},"end":{"line":43,"column":5}},"10":{"start":{"line":26,"column":24},"end":{"line":34,"column":8}},"11":{"start":{"line":36,"column":6},"end":{"line":38,"column":7}},"12":{"start":{"line":37,"column":8},"end":{"line":37,"column":71}},"13":{"start":{"line":40,"column":6},"end":{"line":40,"column":45}},"14":{"start":{"line":42,"column":6},"end":{"line":42,"column":18}},"15":{"start":{"line":47,"column":4},"end":{"line":74,"column":5}},"16":{"start":{"line":48,"column":21},"end":{"line":48,"column":31}},"17":{"start":{"line":49,"column":27},"end":{"line":49,"column":35}},"18":{"start":{"line":51,"column":6},"end":{"line":54,"column":7}},"19":{"start":{"line":52,"column":8},"end":{"line":52,"column":78}},"20":{"start":{"line":53,"column":8},"end":{"line":53,"column":15}},"21":{"start":{"line":57,"column":23},"end":{"line":57,"column":46}},"22":{"start":{"line":59,"column":6},"end":{"line":62,"column":7}},"23":{"start":{"line":60,"column":8},"end":{"line":60,"column":65}},"24":{"start":{"line":61,"column":8},"end":{"line":61,"column":15}},"25":{"start":{"line":64,"column":6},"end":{"line":64,"column":38}},"26":{"start":{"line":65,"column":6},"end":{"line":65,"column":28}},"27":{"start":{"line":67,"column":6},"end":{"line":70,"column":9}},"28":{"start":{"line":73,"column":6},"end":{"line":73,"column":18}},"29":{"start":{"line":78,"column":19},"end":{"line":78,"column":29}},"30":{"start":{"line":81,"column":4},"end":{"line":95,"column":5}},"31":{"start":{"line":82,"column":22},"end":{"line":86,"column":8}},"32":{"start":{"line":88,"column":6},"end":{"line":90,"column":7}},"33":{"start":{"line":89,"column":8},"end":{"line":89,"column":72}},"34":{"start":{"line":92,"column":6},"end":{"line":92,"column":86}},"35":{"start":{"line":94,"column":6},"end":{"line":94,"column":18}},"36":{"start":{"line":98,"column":0},"end":{"line":98,"column":32}}},"fnMap":{"0":{"name":"(anonymous_0)","decl":{"start":{"line":4,"column":2},"end":{"line":4,"column":3}},"loc":{"start":{"line":4,"column":41},"end":{"line":20,"column":3}},"line":4},"1":{"name":"(anonymous_1)","decl":{"start":{"line":22,"column":2},"end":{"line":22,"column":3}},"loc":{"start":{"line":22,"column":44},"end":{"line":44,"column":3}},"line":22},"2":{"name":"(anonymous_2)","decl":{"start":{"line":46,"column":2},"end":{"line":46,"column":3}},"loc":{"start":{"line":46,"column":46},"end":{"line":75,"column":3}},"line":46},"3":{"name":"(anonymous_3)","decl":{"start":{"line":77,"column":2},"end":{"line":77,"column":3}},"loc":{"start":{"line":77,"column":42},"end":{"line":96,"column":3}},"line":77}},"branchMap":{"0":{"loc":{"start":{"line":36,"column":6},"end":{"line":38,"column":7}},"type":"if","locations":[{"start":{"line":36,"column":6},"end":{"line":38,"column":7}},{"start":{},"end":{}}],"line":36},"1":{"loc":{"start":{"line":51,"column":6},"end":{"line":54,"column":7}},"type":"if","locations":[{"start":{"line":51,"column":6},"end":{"line":54,"column":7}},{"start":{},"end":{}}],"line":51},"2":{"loc":{"start":{"line":59,"column":6},"end":{"line":62,"column":7}},"type":"if","locations":[{"start":{"line":59,"column":6},"end":{"line":62,"column":7}},{"start":{},"end":{}}],"line":59},"3":{"loc":{"start":{"line":88,"column":6},"end":{"line":90,"column":7}},"type":"if","locations":[{"start":{"line":88,"column":6},"end":{"line":90,"column":7}},{"start":{},"end":{}}],"line":88}},"s":{"0":4,"1":1,"2":1,"3":1,"4":1,"5":1,"6":0,"7":0,"8":1,"9":1,"10":1,"11":1,"12":0,"13":1,"14":0,"15":3,"16":3,"17":3,"18":3,"19":1,"20":1,"21":2,"22":2,"23":1,"24":1,"25":1,"26":1,"27":1,"28":0,"29":2,"30":2,"31":2,"32":2,"33":1,"34":1,"35":0,"36":4},"f":{"0":1,"1":1,"2":3,"3":2},"b":{"0":[0,1],"1":[1,2],"2":[1,1],"3":[1,1]},"_coverageSchema":"1a1c01bbd47fc00a2c39e90264f33305004495a9","hash":"701bfafb6c4f1bea32d40823be26805312243331"}
,"C:\\Users\\Valih\\Documents\\Hacktive8\\Phase 2\\individual project\\IP-RMT56\\server\\controllers\\HomePageController.js": {"path":"C:\\Users\\Valih\\Documents\\Hacktive8\\Phase 2\\individual project\\IP-RMT56\\server\\controllers\\HomePageController.js","statementMap":{"0":{"start":{"line":1,"column":19},"end":{"line":1,"column":39}},"1":{"start":{"line":2,"column":28},"end":{"line":2,"column":56}},"2":{"start":{"line":3,"column":15},"end":{"line":3,"column":35}},"3":{"start":{"line":7,"column":4},"end":{"line":11,"column":5}},"4":{"start":{"line":8,"column":6},"end":{"line":8,"column":60}},"5":{"start":{"line":10,"column":6},"end":{"line":10,"column":18}},"6":{"start":{"line":15,"column":4},"end":{"line":27,"column":5}},"7":{"start":{"line":16,"column":33},"end":{"line":16,"column":42}},"8":{"start":{"line":18,"column":20},"end":{"line":18,"column":22}},"9":{"start":{"line":19,"column":6},"end":{"line":19,"column":51}},"10":{"start":{"line":19,"column":13},"end":{"line":19,"column":51}},"11":{"start":{"line":20,"column":6},"end":{"line":20,"column":60}},"12":{"start":{"line":20,"column":17},"end":{"line":20,"column":60}},"13":{"start":{"line":21,"column":6},"end":{"line":21,"column":57}},"14":{"start":{"line":21,"column":16},"end":{"line":21,"column":57}},"15":{"start":{"line":23,"column":22},"end":{"line":23,"column":54}},"16":{"start":{"line":24,"column":6},"end":{"line":24,"column":43}},"17":{"start":{"line":26,"column":6},"end":{"line":26,"column":18}},"18":{"start":{"line":31,"column":4},"end":{"line":51,"column":5}},"19":{"start":{"line":32,"column":42},"end":{"line":32,"column":50}},"20":{"start":{"line":35,"column":23},"end":{"line":37,"column":8}},"21":{"start":{"line":40,"column":6},"end":{"line":43,"column":7}},"22":{"start":{"line":41,"column":8},"end":{"line":41,"column":74}},"23":{"start":{"line":42,"column":8},"end":{"line":42,"column":15}},"24":{"start":{"line":45,"column":23},"end":{"line":45,"column":86}},"25":{"start":{"line":47,"column":6},"end":{"line":47,"column":37}},"26":{"start":{"line":50,"column":6},"end":{"line":50,"column":18}},"27":{"start":{"line":54,"column":0},"end":{"line":54,"column":36}}},"fnMap":{"0":{"name":"(anonymous_0)","decl":{"start":{"line":6,"column":2},"end":{"line":6,"column":3}},"loc":{"start":{"line":6,"column":40},"end":{"line":12,"column":3}},"line":6},"1":{"name":"(anonymous_1)","decl":{"start":{"line":14,"column":2},"end":{"line":14,"column":3}},"loc":{"start":{"line":14,"column":46},"end":{"line":28,"column":3}},"line":14},"2":{"name":"(anonymous_2)","decl":{"start":{"line":30,"column":2},"end":{"line":30,"column":3}},"loc":{"start":{"line":30,"column":46},"end":{"line":52,"column":3}},"line":30}},"branchMap":{"0":{"loc":{"start":{"line":19,"column":6},"end":{"line":19,"column":51}},"type":"if","locations":[{"start":{"line":19,"column":6},"end":{"line":19,"column":51}},{"start":{},"end":{}}],"line":19},"1":{"loc":{"start":{"line":20,"column":6},"end":{"line":20,"column":60}},"type":"if","locations":[{"start":{"line":20,"column":6},"end":{"line":20,"column":60}},{"start":{},"end":{}}],"line":20},"2":{"loc":{"start":{"line":21,"column":6},"end":{"line":21,"column":57}},"type":"if","locations":[{"start":{"line":21,"column":6},"end":{"line":21,"column":57}},{"start":{},"end":{}}],"line":21},"3":{"loc":{"start":{"line":40,"column":6},"end":{"line":43,"column":7}},"type":"if","locations":[{"start":{"line":40,"column":6},"end":{"line":43,"column":7}},{"start":{},"end":{}}],"line":40}},"s":{"0":4,"1":4,"2":4,"3":0,"4":0,"5":0,"6":2,"7":2,"8":2,"9":2,"10":1,"11":2,"12":1,"13":2,"14":1,"15":2,"16":2,"17":0,"18":2,"19":2,"20":2,"21":2,"22":0,"23":0,"24":2,"25":2,"26":0,"27":4},"f":{"0":0,"1":2,"2":2},"b":{"0":[1,1],"1":[1,1],"2":[1,1],"3":[0,2]},"_coverageSchema":"1a1c01bbd47fc00a2c39e90264f33305004495a9","hash":"44f4009f840e6fdfc667142229595d07af5a4482"}
,"C:\\Users\\Valih\\Documents\\Hacktive8\\Phase 2\\individual project\\IP-RMT56\\server\\controllers\\ProfileController.js": {"path":"C:\\Users\\Valih\\Documents\\Hacktive8\\Phase 2\\individual project\\IP-RMT56\\server\\controllers\\ProfileController.js","statementMap":{"0":{"start":{"line":1,"column":17},"end":{"line":1,"column":37}},"1":{"start":{"line":5,"column":4},"end":{"line":19,"column":5}},"2":{"start":{"line":6,"column":21},"end":{"line":6,"column":32}},"3":{"start":{"line":7,"column":19},"end":{"line":9,"column":8}},"4":{"start":{"line":11,"column":6},"end":{"line":14,"column":7}},"5":{"start":{"line":12,"column":8},"end":{"line":12,"column":62}},"6":{"start":{"line":13,"column":8},"end":{"line":13,"column":15}},"7":{"start":{"line":16,"column":6},"end":{"line":16,"column":33}},"8":{"start":{"line":18,"column":6},"end":{"line":18,"column":18}},"9":{"start":{"line":23,"column":4},"end":{"line":77,"column":5}},"10":{"start":{"line":24,"column":43},"end":{"line":24,"column":51}},"11":{"start":{"line":26,"column":6},"end":{"line":41,"column":7}},"12":{"start":{"line":27,"column":41},"end":{"line":27,"column":52}},"13":{"start":{"line":28,"column":8},"end":{"line":33,"column":9}},"14":{"start":{"line":29,"column":10},"end":{"line":32,"column":13}},"15":{"start":{"line":35,"column":8},"end":{"line":40,"column":9}},"16":{"start":{"line":36,"column":10},"end":{"line":39,"column":13}},"17":{"start":{"line":43,"column":26},"end":{"line":47,"column":7}},"18":{"start":{"line":49,"column":6},"end":{"line":51,"column":7}},"19":{"start":{"line":50,"column":8},"end":{"line":50,"column":74}},"20":{"start":{"line":53,"column":6},"end":{"line":55,"column":7}},"21":{"start":{"line":54,"column":8},"end":{"line":54,"column":73}},"22":{"start":{"line":57,"column":19},"end":{"line":57,"column":51}},"23":{"start":{"line":58,"column":6},"end":{"line":60,"column":7}},"24":{"start":{"line":59,"column":8},"end":{"line":59,"column":69}},"25":{"start":{"line":63,"column":6},"end":{"line":63,"column":37}},"26":{"start":{"line":65,"column":6},"end":{"line":73,"column":9}},"27":{"start":{"line":75,"column":6},"end":{"line":75,"column":41}},"28":{"start":{"line":76,"column":6},"end":{"line":76,"column":18}},"29":{"start":{"line":81,"column":0},"end":{"line":81,"column":35}}},"fnMap":{"0":{"name":"(anonymous_0)","decl":{"start":{"line":4,"column":2},"end":{"line":4,"column":3}},"loc":{"start":{"line":4,"column":43},"end":{"line":20,"column":3}},"line":4},"1":{"name":"(anonymous_1)","decl":{"start":{"line":22,"column":2},"end":{"line":22,"column":3}},"loc":{"start":{"line":22,"column":48},"end":{"line":78,"column":3}},"line":22}},"branchMap":{"0":{"loc":{"start":{"line":11,"column":6},"end":{"line":14,"column":7}},"type":"if","locations":[{"start":{"line":11,"column":6},"end":{"line":14,"column":7}},{"start":{},"end":{}}],"line":11},"1":{"loc":{"start":{"line":26,"column":6},"end":{"line":41,"column":7}},"type":"if","locations":[{"start":{"line":26,"column":6},"end":{"line":41,"column":7}},{"start":{},"end":{}}],"line":26},"2":{"loc":{"start":{"line":28,"column":8},"end":{"line":33,"column":9}},"type":"if","locations":[{"start":{"line":28,"column":8},"end":{"line":33,"column":9}},{"start":{},"end":{}}],"line":28},"3":{"loc":{"start":{"line":28,"column":12},"end":{"line":28,"column":36}},"type":"binary-expr","locations":[{"start":{"line":28,"column":12},"end":{"line":28,"column":22}},{"start":{"line":28,"column":26},"end":{"line":28,"column":36}}],"line":28},"4":{"loc":{"start":{"line":35,"column":8},"end":{"line":40,"column":9}},"type":"if","locations":[{"start":{"line":35,"column":8},"end":{"line":40,"column":9}},{"start":{},"end":{}}],"line":35},"5":{"loc":{"start":{"line":44,"column":15},"end":{"line":44,"column":40}},"type":"cond-expr","locations":[{"start":{"line":44,"column":30},"end":{"line":44,"column":32}},{"start":{"line":44,"column":35},"end":{"line":44,"column":40}}],"line":44},"6":{"loc":{"start":{"line":45,"column":14},"end":{"line":45,"column":37}},"type":"cond-expr","locations":[{"start":{"line":45,"column":28},"end":{"line":45,"column":30}},{"start":{"line":45,"column":33},"end":{"line":45,"column":37}}],"line":45},"7":{"loc":{"start":{"line":46,"column":21},"end":{"line":46,"column":60}},"type":"cond-expr","locations":[{"start":{"line":46,"column":42},"end":{"line":46,"column":46}},{"start":{"line":46,"column":49},"end":{"line":46,"column":60}}],"line":46},"8":{"loc":{"start":{"line":49,"column":6},"end":{"line":51,"column":7}},"type":"if","locations":[{"start":{"line":49,"column":6},"end":{"line":51,"column":7}},{"start":{},"end":{}}],"line":49},"9":{"loc":{"start":{"line":53,"column":6},"end":{"line":55,"column":7}},"type":"if","locations":[{"start":{"line":53,"column":6},"end":{"line":55,"column":7}},{"start":{},"end":{}}],"line":53},"10":{"loc":{"start":{"line":58,"column":6},"end":{"line":60,"column":7}},"type":"if","locations":[{"start":{"line":58,"column":6},"end":{"line":60,"column":7}},{"start":{},"end":{}}],"line":58}},"s":{"0":4,"1":1,"2":1,"3":1,"4":1,"5":0,"6":0,"7":1,"8":0,"9":6,"10":6,"11":6,"12":6,"13":6,"14":1,"15":5,"16":2,"17":3,"18":3,"19":1,"20":2,"21":1,"22":1,"23":1,"24":0,"25":1,"26":1,"27":0,"28":0,"29":4},"f":{"0":1,"1":6},"b":{"0":[0,1],"1":[6,0],"2":[1,5],"3":[6,6],"4":[2,3],"5":[1,2],"6":[1,2],"7":[0,3],"8":[1,2],"9":[1,1],"10":[0,1]},"_coverageSchema":"1a1c01bbd47fc00a2c39e90264f33305004495a9","hash":"3b39d7c4a4b26375f5f07fe50a58e212212c83a1"}
,"C:\\Users\\Valih\\Documents\\Hacktive8\\Phase 2\\individual project\\IP-RMT56\\server\\controllers\\UsersController.js": {"path":"C:\\Users\\Valih\\Documents\\Hacktive8\\Phase 2\\individual project\\IP-RMT56\\server\\controllers\\UsersController.js","statementMap":{"0":{"start":{"line":1,"column":17},"end":{"line":1,"column":37}},"1":{"start":{"line":2,"column":28},"end":{"line":2,"column":62}},"2":{"start":{"line":3,"column":22},"end":{"line":3,"column":47}},"3":{"start":{"line":4,"column":25},"end":{"line":4,"column":55}},"4":{"start":{"line":5,"column":15},"end":{"line":5,"column":33}},"5":{"start":{"line":6,"column":14},"end":{"line":6,"column":30}},"6":{"start":{"line":10,"column":4},"end":{"line":34,"column":5}},"7":{"start":{"line":11,"column":20},"end":{"line":11,"column":40}},"8":{"start":{"line":12,"column":21},"end":{"line":17,"column":8}},"9":{"start":{"line":18,"column":22},"end":{"line":18,"column":41}},"10":{"start":{"line":23,"column":17},"end":{"line":23,"column":72}},"11":{"start":{"line":24,"column":6},"end":{"line":26,"column":7}},"12":{"start":{"line":25,"column":8},"end":{"line":25,"column":113}},"13":{"start":{"line":28,"column":27},"end":{"line":28,"column":51}},"14":{"start":{"line":30,"column":6},"end":{"line":30,"column":71}},"15":{"start":{"line":32,"column":6},"end":{"line":32,"column":25}},"16":{"start":{"line":33,"column":6},"end":{"line":33,"column":18}},"17":{"start":{"line":38,"column":4},"end":{"line":97,"column":5}},"18":{"start":{"line":39,"column":23},"end":{"line":39,"column":31}},"19":{"start":{"line":41,"column":28},"end":{"line":52,"column":7}},"20":{"start":{"line":54,"column":50},"end":{"line":54,"column":68}},"21":{"start":{"line":56,"column":6},"end":{"line":58,"column":7}},"22":{"start":{"line":57,"column":8},"end":{"line":57,"column":72}},"23":{"start":{"line":61,"column":31},"end":{"line":65,"column":8}},"24":{"start":{"line":67,"column":23},"end":{"line":67,"column":44}},"25":{"start":{"line":70,"column":33},"end":{"line":74,"column":8}},"26":{"start":{"line":76,"column":27},"end":{"line":76,"column":104}},"27":{"start":{"line":76,"column":65},"end":{"line":76,"column":96}},"28":{"start":{"line":78,"column":6},"end":{"line":80,"column":7}},"29":{"start":{"line":79,"column":8},"end":{"line":79,"column":86}},"30":{"start":{"line":82,"column":17},"end":{"line":82,"column":71}},"31":{"start":{"line":83,"column":6},"end":{"line":89,"column":7}},"32":{"start":{"line":84,"column":8},"end":{"line":88,"column":11}},"33":{"start":{"line":91,"column":27},"end":{"line":91,"column":53}},"34":{"start":{"line":93,"column":6},"end":{"line":93,"column":71}},"35":{"start":{"line":95,"column":6},"end":{"line":95,"column":50}},"36":{"start":{"line":96,"column":6},"end":{"line":96,"column":18}},"37":{"start":{"line":102,"column":4},"end":{"line":124,"column":5}},"38":{"start":{"line":103,"column":40},"end":{"line":103,"column":48}},"39":{"start":{"line":104,"column":6},"end":{"line":107,"column":7}},"40":{"start":{"line":105,"column":8},"end":{"line":105,"column":66}},"41":{"start":{"line":106,"column":8},"end":{"line":106,"column":15}},"42":{"start":{"line":108,"column":6},"end":{"line":111,"column":7}},"43":{"start":{"line":109,"column":8},"end":{"line":109,"column":67}},"44":{"start":{"line":110,"column":8},"end":{"line":110,"column":15}},"45":{"start":{"line":112,"column":6},"end":{"line":115,"column":7}},"46":{"start":{"line":113,"column":8},"end":{"line":113,"column":70}},"47":{"start":{"line":114,"column":8},"end":{"line":114,"column":15}},"48":{"start":{"line":117,"column":19},"end":{"line":117,"column":46}},"49":{"start":{"line":118,"column":6},"end":{"line":121,"column":9}},"50":{"start":{"line":123,"column":6},"end":{"line":123,"column":18}},"51":{"start":{"line":128,"column":4},"end":{"line":160,"column":5}},"52":{"start":{"line":129,"column":34},"end":{"line":129,"column":42}},"53":{"start":{"line":130,"column":6},"end":{"line":133,"column":7}},"54":{"start":{"line":131,"column":8},"end":{"line":131,"column":67}},"55":{"start":{"line":132,"column":8},"end":{"line":132,"column":15}},"56":{"start":{"line":134,"column":6},"end":{"line":137,"column":7}},"57":{"start":{"line":135,"column":8},"end":{"line":135,"column":70}},"58":{"start":{"line":136,"column":8},"end":{"line":136,"column":15}},"59":{"start":{"line":140,"column":6},"end":{"line":142,"column":7}},"60":{"start":{"line":141,"column":8},"end":{"line":141,"column":56}},"61":{"start":{"line":144,"column":6},"end":{"line":147,"column":7}},"62":{"start":{"line":145,"column":8},"end":{"line":145,"column":77}},"63":{"start":{"line":146,"column":8},"end":{"line":146,"column":15}},"64":{"start":{"line":149,"column":30},"end":{"line":149,"column":70}},"65":{"start":{"line":150,"column":6},"end":{"line":153,"column":7}},"66":{"start":{"line":151,"column":8},"end":{"line":151,"column":77}},"67":{"start":{"line":152,"column":8},"end":{"line":152,"column":15}},"68":{"start":{"line":155,"column":27},"end":{"line":155,"column":70}},"69":{"start":{"line":156,"column":6},"end":{"line":156,"column":71}},"70":{"start":{"line":158,"column":6},"end":{"line":158,"column":25}},"71":{"start":{"line":159,"column":6},"end":{"line":159,"column":18}},"72":{"start":{"line":164,"column":0},"end":{"line":164,"column":33}}},"fnMap":{"0":{"name":"(anonymous_0)","decl":{"start":{"line":9,"column":2},"end":{"line":9,"column":3}},"loc":{"start":{"line":9,"column":43},"end":{"line":35,"column":3}},"line":9},"1":{"name":"(anonymous_1)","decl":{"start":{"line":37,"column":2},"end":{"line":37,"column":3}},"loc":{"start":{"line":37,"column":43},"end":{"line":98,"column":3}},"line":37},"2":{"name":"(anonymous_2)","decl":{"start":{"line":76,"column":56},"end":{"line":76,"column":57}},"loc":{"start":{"line":76,"column":65},"end":{"line":76,"column":96}},"line":76},"3":{"name":"(anonymous_3)","decl":{"start":{"line":101,"column":2},"end":{"line":101,"column":3}},"loc":{"start":{"line":101,"column":40},"end":{"line":125,"column":3}},"line":101},"4":{"name":"(anonymous_4)","decl":{"start":{"line":127,"column":2},"end":{"line":127,"column":3}},"loc":{"start":{"line":127,"column":37},"end":{"line":161,"column":3}},"line":127}},"branchMap":{"0":{"loc":{"start":{"line":24,"column":6},"end":{"line":26,"column":7}},"type":"if","locations":[{"start":{"line":24,"column":6},"end":{"line":26,"column":7}},{"start":{},"end":{}}],"line":24},"1":{"loc":{"start":{"line":56,"column":6},"end":{"line":58,"column":7}},"type":"if","locations":[{"start":{"line":56,"column":6},"end":{"line":58,"column":7}},{"start":{},"end":{}}],"line":56},"2":{"loc":{"start":{"line":76,"column":65},"end":{"line":76,"column":96}},"type":"binary-expr","locations":[{"start":{"line":76,"column":65},"end":{"line":76,"column":78}},{"start":{"line":76,"column":82},"end":{"line":76,"column":96}}],"line":76},"3":{"loc":{"start":{"line":78,"column":6},"end":{"line":80,"column":7}},"type":"if","locations":[{"start":{"line":78,"column":6},"end":{"line":80,"column":7}},{"start":{},"end":{}}],"line":78},"4":{"loc":{"start":{"line":83,"column":6},"end":{"line":89,"column":7}},"type":"if","locations":[{"start":{"line":83,"column":6},"end":{"line":89,"column":7}},{"start":{},"end":{}}],"line":83},"5":{"loc":{"start":{"line":104,"column":6},"end":{"line":107,"column":7}},"type":"if","locations":[{"start":{"line":104,"column":6},"end":{"line":107,"column":7}},{"start":{},"end":{}}],"line":104},"6":{"loc":{"start":{"line":108,"column":6},"end":{"line":111,"column":7}},"type":"if","locations":[{"start":{"line":108,"column":6},"end":{"line":111,"column":7}},{"start":{},"end":{}}],"line":108},"7":{"loc":{"start":{"line":112,"column":6},"end":{"line":115,"column":7}},"type":"if","locations":[{"start":{"line":112,"column":6},"end":{"line":115,"column":7}},{"start":{},"end":{}}],"line":112},"8":{"loc":{"start":{"line":130,"column":6},"end":{"line":133,"column":7}},"type":"if","locations":[{"start":{"line":130,"column":6},"end":{"line":133,"column":7}},{"start":{},"end":{}}],"line":130},"9":{"loc":{"start":{"line":134,"column":6},"end":{"line":137,"column":7}},"type":"if","locations":[{"start":{"line":134,"column":6},"end":{"line":137,"column":7}},{"start":{},"end":{}}],"line":134},"10":{"loc":{"start":{"line":140,"column":6},"end":{"line":142,"column":7}},"type":"if","locations":[{"start":{"line":140,"column":6},"end":{"line":142,"column":7}},{"start":{},"end":{}}],"line":140},"11":{"loc":{"start":{"line":144,"column":6},"end":{"line":147,"column":7}},"type":"if","locations":[{"start":{"line":144,"column":6},"end":{"line":147,"column":7}},{"start":{},"end":{}}],"line":144},"12":{"loc":{"start":{"line":150,"column":6},"end":{"line":153,"column":7}},"type":"if","locations":[{"start":{"line":150,"column":6},"end":{"line":153,"column":7}},{"start":{},"end":{}}],"line":150}},"s":{"0":4,"1":4,"2":4,"3":4,"4":4,"5":4,"6":1,"7":1,"8":1,"9":1,"10":1,"11":1,"12":0,"13":1,"14":1,"15":0,"16":0,"17":3,"18":3,"19":3,"20":3,"21":3,"22":1,"23":2,"24":2,"25":2,"26":2,"27":3,"28":2,"29":1,"30":1,"31":1,"32":1,"33":1,"34":1,"35":0,"36":0,"37":4,"38":4,"39":4,"40":1,"41":1,"42":3,"43":1,"44":1,"45":2,"46":1,"47":1,"48":1,"49":1,"50":0,"51":5,"52":5,"53":5,"54":1,"55":1,"56":4,"57":1,"58":1,"59":3,"60":3,"61":3,"62":1,"63":1,"64":2,"65":2,"66":1,"67":1,"68":1,"69":1,"70":0,"71":0,"72":4},"f":{"0":1,"1":3,"2":3,"3":4,"4":5},"b":{"0":[0,1],"1":[1,2],"2":[3,2],"3":[1,1],"4":[1,0],"5":[1,3],"6":[1,2],"7":[1,1],"8":[1,4],"9":[1,3],"10":[3,0],"11":[1,2],"12":[1,1]},"_coverageSchema":"1a1c01bbd47fc00a2c39e90264f33305004495a9","hash":"2917404835b1f4057976674e97181458a358f527"}
,"C:\\Users\\Valih\\Documents\\Hacktive8\\Phase 2\\individual project\\IP-RMT56\\server\\helpers\\gemini.js": {"path":"C:\\Users\\Valih\\Documents\\Hacktive8\\Phase 2\\individual project\\IP-RMT56\\server\\helpers\\gemini.js","statementMap":{"0":{"start":{"line":1,"column":0},"end":{"line":1,"column":46}},"1":{"start":{"line":3,"column":31},"end":{"line":3,"column":63}},"2":{"start":{"line":6,"column":2},"end":{"line":67,"column":3}},"3":{"start":{"line":7,"column":18},"end":{"line":7,"column":68}},"4":{"start":{"line":8,"column":18},"end":{"line":8,"column":73}},"5":{"start":{"line":11,"column":19},"end":{"line":53,"column":5}},"6":{"start":{"line":21,"column":16},"end":{"line":30,"column":8}},"7":{"start":{"line":58,"column":19},"end":{"line":58,"column":54}},"8":{"start":{"line":59,"column":25},"end":{"line":59,"column":81}},"9":{"start":{"line":61,"column":22},"end":{"line":61,"column":46}},"10":{"start":{"line":63,"column":4},"end":{"line":63,"column":21}},"11":{"start":{"line":65,"column":4},"end":{"line":65,"column":58}},"12":{"start":{"line":66,"column":4},"end":{"line":66,"column":54}},"13":{"start":{"line":70,"column":0},"end":{"line":70,"column":39}}},"fnMap":{"0":{"name":"getRecommendation","decl":{"start":{"line":5,"column":15},"end":{"line":5,"column":32}},"loc":{"start":{"line":5,"column":56},"end":{"line":68,"column":1}},"line":5},"1":{"name":"(anonymous_1)","decl":{"start":{"line":21,"column":9},"end":{"line":21,"column":10}},"loc":{"start":{"line":21,"column":16},"end":{"line":30,"column":8}},"line":21}},"branchMap":{},"s":{"0":4,"1":4,"2":2,"3":2,"4":2,"5":2,"6":42,"7":2,"8":2,"9":2,"10":2,"11":0,"12":0,"13":4},"f":{"0":2,"1":42},"b":{},"_coverageSchema":"1a1c01bbd47fc00a2c39e90264f33305004495a9","hash":"3b240e46c53a217045d5574b8a6597cb7e77a0d7"}
,"C:\\Users\\Valih\\Documents\\Hacktive8\\Phase 2\\individual project\\IP-RMT56\\server\\helpers\\hashPassword.js": {"path":"C:\\Users\\Valih\\Documents\\Hacktive8\\Phase 2\\individual project\\IP-RMT56\\server\\helpers\\hashPassword.js","statementMap":{"0":{"start":{"line":1,"column":15},"end":{"line":1,"column":32}},"1":{"start":{"line":3,"column":21},"end":{"line":6,"column":1}},"2":{"start":{"line":4,"column":15},"end":{"line":4,"column":37}},"3":{"start":{"line":5,"column":2},"end":{"line":5,"column":41}},"4":{"start":{"line":8,"column":24},"end":{"line":10,"column":1}},"5":{"start":{"line":9,"column":2},"end":{"line":9,"column":54}},"6":{"start":{"line":12,"column":0},"end":{"line":15,"column":2}}},"fnMap":{"0":{"name":"(anonymous_0)","decl":{"start":{"line":3,"column":21},"end":{"line":3,"column":22}},"loc":{"start":{"line":3,"column":35},"end":{"line":6,"column":1}},"line":3},"1":{"name":"(anonymous_1)","decl":{"start":{"line":8,"column":24},"end":{"line":8,"column":25}},"loc":{"start":{"line":8,"column":54},"end":{"line":10,"column":1}},"line":8}},"branchMap":{},"s":{"0":4,"1":4,"2":10,"3":10,"4":4,"5":2,"6":4},"f":{"0":10,"1":2},"b":{},"_coverageSchema":"1a1c01bbd47fc00a2c39e90264f33305004495a9","hash":"06a51038eac0c90c7ccc78a4fe65c6f579b19ff4"}
,"C:\\Users\\Valih\\Documents\\Hacktive8\\Phase 2\\individual project\\IP-RMT56\\server\\helpers\\jwt.js": {"path":"C:\\Users\\Valih\\Documents\\Hacktive8\\Phase 2\\individual project\\IP-RMT56\\server\\helpers\\jwt.js","statementMap":{"0":{"start":{"line":1,"column":10},"end":{"line":1,"column":33}},"1":{"start":{"line":3,"column":18},"end":{"line":3,"column":44}},"2":{"start":{"line":6,"column":2},"end":{"line":6,"column":35}},"3":{"start":{"line":10,"column":2},"end":{"line":10,"column":38}},"4":{"start":{"line":13,"column":0},"end":{"line":13,"column":44}}},"fnMap":{"0":{"name":"signToken","decl":{"start":{"line":5,"column":9},"end":{"line":5,"column":18}},"loc":{"start":{"line":5,"column":25},"end":{"line":7,"column":1}},"line":5},"1":{"name":"verifyToken","decl":{"start":{"line":9,"column":9},"end":{"line":9,"column":20}},"loc":{"start":{"line":9,"column":28},"end":{"line":11,"column":1}},"line":9}},"branchMap":{},"s":{"0":4,"1":4,"2":6,"3":19,"4":4},"f":{"0":6,"1":19},"b":{},"_coverageSchema":"1a1c01bbd47fc00a2c39e90264f33305004495a9","hash":"b86253ed39029a8009cf2acaf6a7c6e61e5bc067"}
,"C:\\Users\\Valih\\Documents\\Hacktive8\\Phase 2\\individual project\\IP-RMT56\\server\\middlewares\\authentication.js": {"path":"C:\\Users\\Valih\\Documents\\Hacktive8\\Phase 2\\individual project\\IP-RMT56\\server\\middlewares\\authentication.js","statementMap":{"0":{"start":{"line":1,"column":17},"end":{"line":1,"column":37}},"1":{"start":{"line":2,"column":24},"end":{"line":2,"column":49}},"2":{"start":{"line":5,"column":22},"end":{"line":5,"column":47}},"3":{"start":{"line":6,"column":2},"end":{"line":9,"column":3}},"4":{"start":{"line":7,"column":4},"end":{"line":7,"column":61}},"5":{"start":{"line":8,"column":4},"end":{"line":8,"column":11}},"6":{"start":{"line":10,"column":24},"end":{"line":10,"column":46}},"7":{"start":{"line":11,"column":2},"end":{"line":14,"column":3}},"8":{"start":{"line":12,"column":4},"end":{"line":12,"column":61}},"9":{"start":{"line":13,"column":4},"end":{"line":13,"column":11}},"10":{"start":{"line":16,"column":2},"end":{"line":28,"column":3}},"11":{"start":{"line":17,"column":17},"end":{"line":17,"column":35}},"12":{"start":{"line":18,"column":17},"end":{"line":18,"column":45}},"13":{"start":{"line":19,"column":4},"end":{"line":22,"column":5}},"14":{"start":{"line":20,"column":6},"end":{"line":20,"column":63}},"15":{"start":{"line":21,"column":6},"end":{"line":21,"column":13}},"16":{"start":{"line":24,"column":4},"end":{"line":24,"column":20}},"17":{"start":{"line":25,"column":4},"end":{"line":25,"column":11}},"18":{"start":{"line":27,"column":4},"end":{"line":27,"column":16}},"19":{"start":{"line":30,"column":0},"end":{"line":30,"column":32}}},"fnMap":{"0":{"name":"authentication","decl":{"start":{"line":4,"column":15},"end":{"line":4,"column":29}},"loc":{"start":{"line":4,"column":46},"end":{"line":29,"column":1}},"line":4}},"branchMap":{"0":{"loc":{"start":{"line":6,"column":2},"end":{"line":9,"column":3}},"type":"if","locations":[{"start":{"line":6,"column":2},"end":{"line":9,"column":3}},{"start":{},"end":{}}],"line":6},"1":{"loc":{"start":{"line":11,"column":2},"end":{"line":14,"column":3}},"type":"if","locations":[{"start":{"line":11,"column":2},"end":{"line":14,"column":3}},{"start":{},"end":{}}],"line":11},"2":{"loc":{"start":{"line":19,"column":4},"end":{"line":22,"column":5}},"type":"if","locations":[{"start":{"line":19,"column":4},"end":{"line":22,"column":5}},{"start":{},"end":{}}],"line":19}},"s":{"0":4,"1":4,"2":23,"3":23,"4":4,"5":4,"6":19,"7":19,"8":0,"9":0,"10":19,"11":19,"12":18,"13":18,"14":0,"15":0,"16":18,"17":18,"18":1,"19":4},"f":{"0":23},"b":{"0":[4,19],"1":[0,19],"2":[0,18]},"_coverageSchema":"1a1c01bbd47fc00a2c39e90264f33305004495a9","hash":"2ecad1e6d23c1593df06829d3273c172f75433bd"}
,"C:\\Users\\Valih\\Documents\\Hacktive8\\Phase 2\\individual project\\IP-RMT56\\server\\middlewares\\errorhandler.js": {"path":"C:\\Users\\Valih\\Documents\\Hacktive8\\Phase 2\\individual project\\IP-RMT56\\server\\middlewares\\errorhandler.js","statementMap":{"0":{"start":{"line":3,"column":4},"end":{"line":25,"column":5}},"1":{"start":{"line":6,"column":12},"end":{"line":6,"column":69}},"2":{"start":{"line":7,"column":12},"end":{"line":7,"column":19}},"3":{"start":{"line":9,"column":12},"end":{"line":9,"column":59}},"4":{"start":{"line":10,"column":12},"end":{"line":10,"column":19}},"5":{"start":{"line":12,"column":12},"end":{"line":12,"column":59}},"6":{"start":{"line":13,"column":12},"end":{"line":13,"column":19}},"7":{"start":{"line":15,"column":12},"end":{"line":15,"column":59}},"8":{"start":{"line":16,"column":12},"end":{"line":16,"column":19}},"9":{"start":{"line":18,"column":12},"end":{"line":18,"column":59}},"10":{"start":{"line":19,"column":12},"end":{"line":19,"column":19}},"11":{"start":{"line":21,"column":12},"end":{"line":21,"column":63}},"12":{"start":{"line":22,"column":12},"end":{"line":22,"column":19}},"13":{"start":{"line":24,"column":12},"end":{"line":24,"column":102}},"14":{"start":{"line":28,"column":0},"end":{"line":28,"column":29}}},"fnMap":{"0":{"name":"errorHandler","decl":{"start":{"line":1,"column":9},"end":{"line":1,"column":21}},"loc":{"start":{"line":1,"column":43},"end":{"line":26,"column":1}},"line":1}},"branchMap":{"0":{"loc":{"start":{"line":3,"column":4},"end":{"line":25,"column":5}},"type":"switch","locations":[{"start":{"line":4,"column":8},"end":{"line":4,"column":40}},{"start":{"line":5,"column":8},"end":{"line":7,"column":19}},{"start":{"line":8,"column":8},"end":{"line":10,"column":19}},{"start":{"line":11,"column":8},"end":{"line":13,"column":19}},{"start":{"line":14,"column":8},"end":{"line":16,"column":19}},{"start":{"line":17,"column":8},"end":{"line":19,"column":19}},{"start":{"line":20,"column":8},"end":{"line":22,"column":19}},{"start":{"line":23,"column":8},"end":{"line":24,"column":102}}],"line":3}},"s":{"0":20,"1":0,"2":0,"3":11,"4":11,"5":6,"6":6,"7":0,"8":0,"9":2,"10":2,"11":1,"12":1,"13":0,"14":4},"f":{"0":20},"b":{"0":[0,0,11,6,0,2,1,0]},"_coverageSchema":"1a1c01bbd47fc00a2c39e90264f33305004495a9","hash":"2d03c5d060a8c19c493f3a3c271c2b3674e52c85"}
,"C:\\Users\\Valih\\Documents\\Hacktive8\\Phase 2\\individual project\\IP-RMT56\\server\\models\\cart.js": {"path":"C:\\Users\\Valih\\Documents\\Hacktive8\\Phase 2\\individual project\\IP-RMT56\\server\\models\\cart.js","statementMap":{"0":{"start":{"line":2,"column":18},"end":{"line":2,"column":38}},"1":{"start":{"line":3,"column":0},"end":{"line":31,"column":2}},"2":{"start":{"line":12,"column":6},"end":{"line":12,"column":60}},"3":{"start":{"line":13,"column":6},"end":{"line":13,"column":66}},"4":{"start":{"line":16,"column":2},"end":{"line":29,"column":4}},"5":{"start":{"line":30,"column":2},"end":{"line":30,"column":14}}},"fnMap":{"0":{"name":"(anonymous_0)","decl":{"start":{"line":3,"column":17},"end":{"line":3,"column":18}},"loc":{"start":{"line":3,"column":43},"end":{"line":31,"column":1}},"line":3},"1":{"name":"(anonymous_1)","decl":{"start":{"line":10,"column":4},"end":{"line":10,"column":5}},"loc":{"start":{"line":10,"column":29},"end":{"line":14,"column":5}},"line":10}},"branchMap":{},"s":{"0":4,"1":4,"2":4,"3":4,"4":4,"5":4},"f":{"0":4,"1":4},"b":{},"_coverageSchema":"1a1c01bbd47fc00a2c39e90264f33305004495a9","hash":"b79ac94d61e40772002dc520374ddf215e101a17"}
,"C:\\Users\\Valih\\Documents\\Hacktive8\\Phase 2\\individual project\\IP-RMT56\\server\\models\\index.js": {"path":"C:\\Users\\Valih\\Documents\\Hacktive8\\Phase 2\\individual project\\IP-RMT56\\server\\models\\index.js","statementMap":{"0":{"start":{"line":3,"column":11},"end":{"line":3,"column":24}},"1":{"start":{"line":4,"column":13},"end":{"line":4,"column":28}},"2":{"start":{"line":5,"column":18},"end":{"line":5,"column":38}},"3":{"start":{"line":6,"column":16},"end":{"line":6,"column":34}},"4":{"start":{"line":7,"column":17},"end":{"line":7,"column":42}},"5":{"start":{"line":8,"column":12},"end":{"line":8,"column":49}},"6":{"start":{"line":9,"column":15},"end":{"line":9,"column":65}},"7":{"start":{"line":10,"column":11},"end":{"line":10,"column":13}},"8":{"start":{"line":13,"column":0},"end":{"line":17,"column":1}},"9":{"start":{"line":14,"column":2},"end":{"line":14,"column":74}},"10":{"start":{"line":16,"column":2},"end":{"line":16,"column":87}},"11":{"start":{"line":19,"column":0},"end":{"line":32,"column":5}},"12":{"start":{"line":22,"column":4},"end":{"line":27,"column":6}},"13":{"start":{"line":30,"column":18},"end":{"line":30,"column":85}},"14":{"start":{"line":31,"column":4},"end":{"line":31,"column":27}},"15":{"start":{"line":34,"column":0},"end":{"line":38,"column":3}},"16":{"start":{"line":35,"column":2},"end":{"line":37,"column":3}},"17":{"start":{"line":36,"column":4},"end":{"line":36,"column":32}},"18":{"start":{"line":40,"column":0},"end":{"line":40,"column":25}},"19":{"start":{"line":41,"column":0},"end":{"line":41,"column":25}},"20":{"start":{"line":43,"column":0},"end":{"line":43,"column":20}}},"fnMap":{"0":{"name":"(anonymous_0)","decl":{"start":{"line":21,"column":10},"end":{"line":21,"column":11}},"loc":{"start":{"line":21,"column":18},"end":{"line":28,"column":3}},"line":21},"1":{"name":"(anonymous_1)","decl":{"start":{"line":29,"column":11},"end":{"line":29,"column":12}},"loc":{"start":{"line":29,"column":19},"end":{"line":32,"column":3}},"line":29},"2":{"name":"(anonymous_2)","decl":{"start":{"line":34,"column":24},"end":{"line":34,"column":25}},"loc":{"start":{"line":34,"column":37},"end":{"line":38,"column":1}},"line":34}},"branchMap":{"0":{"loc":{"start":{"line":8,"column":12},"end":{"line":8,"column":49}},"type":"binary-expr","locations":[{"start":{"line":8,"column":12},"end":{"line":8,"column":32}},{"start":{"line":8,"column":36},"end":{"line":8,"column":49}}],"line":8},"1":{"loc":{"start":{"line":13,"column":0},"end":{"line":17,"column":1}},"type":"if","locations":[{"start":{"line":13,"column":0},"end":{"line":17,"column":1}},{"start":{"line":15,"column":7},"end":{"line":17,"column":1}}],"line":13},"2":{"loc":{"start":{"line":23,"column":6},"end":{"line":26,"column":37}},"type":"binary-expr","locations":[{"start":{"line":23,"column":6},"end":{"line":23,"column":29}},{"start":{"line":24,"column":6},"end":{"line":24,"column":23}},{"start":{"line":25,"column":6},"end":{"line":25,"column":30}},{"start":{"line":26,"column":6},"end":{"line":26,"column":37}}],"line":23},"3":{"loc":{"start":{"line":35,"column":2},"end":{"line":37,"column":3}},"type":"if","locations":[{"start":{"line":35,"column":2},"end":{"line":37,"column":3}},{"start":{},"end":{}}],"line":35}},"s":{"0":4,"1":4,"2":4,"3":4,"4":4,"5":4,"6":4,"7":4,"8":4,"9":0,"10":4,"11":4,"12":16,"13":12,"14":12,"15":4,"16":12,"17":12,"18":4,"19":4,"20":4},"f":{"0":16,"1":12,"2":12},"b":{"0":[4,0],"1":[0,4],"2":[16,16,12,12],"3":[12,0]},"_coverageSchema":"1a1c01bbd47fc00a2c39e90264f33305004495a9","hash":"8879003ef355ef63526caf4f221ddc8e0c1d46ad"}
,"C:\\Users\\Valih\\Documents\\Hacktive8\\Phase 2\\individual project\\IP-RMT56\\server\\models\\product.js": {"path":"C:\\Users\\Valih\\Documents\\Hacktive8\\Phase 2\\individual project\\IP-RMT56\\server\\models\\product.js","statementMap":{"0":{"start":{"line":4,"column":4},"end":{"line":4,"column":24}},"1":{"start":{"line":5,"column":0},"end":{"line":29,"column":2}},"2":{"start":{"line":14,"column":6},"end":{"line":14,"column":64}},"3":{"start":{"line":17,"column":2},"end":{"line":27,"column":5}},"4":{"start":{"line":28,"column":2},"end":{"line":28,"column":17}}},"fnMap":{"0":{"name":"(anonymous_0)","decl":{"start":{"line":5,"column":17},"end":{"line":5,"column":18}},"loc":{"start":{"line":5,"column":43},"end":{"line":29,"column":1}},"line":5},"1":{"name":"(anonymous_1)","decl":{"start":{"line":12,"column":4},"end":{"line":12,"column":5}},"loc":{"start":{"line":12,"column":29},"end":{"line":15,"column":5}},"line":12}},"branchMap":{},"s":{"0":4,"1":4,"2":4,"3":4,"4":4},"f":{"0":4,"1":4},"b":{},"_coverageSchema":"1a1c01bbd47fc00a2c39e90264f33305004495a9","hash":"e025d087b1caa88e89e3777a560877b15f4b64d4"}
,"C:\\Users\\Valih\\Documents\\Hacktive8\\Phase 2\\individual project\\IP-RMT56\\server\\models\\user.js": {"path":"C:\\Users\\Valih\\Documents\\Hacktive8\\Phase 2\\individual project\\IP-RMT56\\server\\models\\user.js","statementMap":{"0":{"start":{"line":2,"column":18},"end":{"line":2,"column":38}},"1":{"start":{"line":3,"column":23},"end":{"line":3,"column":57}},"2":{"start":{"line":4,"column":0},"end":{"line":39,"column":2}},"3":{"start":{"line":13,"column":6},"end":{"line":13,"column":55}},"4":{"start":{"line":16,"column":2},"end":{"line":37,"column":4}},"5":{"start":{"line":33,"column":10},"end":{"line":33,"column":54}},"6":{"start":{"line":38,"column":2},"end":{"line":38,"column":14}}},"fnMap":{"0":{"name":"(anonymous_0)","decl":{"start":{"line":4,"column":17},"end":{"line":4,"column":18}},"loc":{"start":{"line":4,"column":43},"end":{"line":39,"column":1}},"line":4},"1":{"name":"(anonymous_1)","decl":{"start":{"line":11,"column":4},"end":{"line":11,"column":5}},"loc":{"start":{"line":11,"column":29},"end":{"line":14,"column":5}},"line":11},"2":{"name":"(anonymous_2)","decl":{"start":{"line":32,"column":8},"end":{"line":32,"column":9}},"loc":{"start":{"line":32,"column":27},"end":{"line":34,"column":9}},"line":32}},"branchMap":{},"s":{"0":4,"1":4,"2":4,"3":4,"4":4,"5":3,"6":4},"f":{"0":4,"1":4,"2":3},"b":{},"_coverageSchema":"1a1c01bbd47fc00a2c39e90264f33305004495a9","hash":"3036c9729071f714064333e38544ec690b346b9d"}
,"C:\\Users\\Valih\\Documents\\Hacktive8\\Phase 2\\individual project\\IP-RMT56\\server\\routers\\cart.js": {"path":"C:\\Users\\Valih\\Documents\\Hacktive8\\Phase 2\\individual project\\IP-RMT56\\server\\routers\\cart.js","statementMap":{"0":{"start":{"line":1,"column":19},"end":{"line":1,"column":59}},"1":{"start":{"line":2,"column":19},"end":{"line":2,"column":46}},"2":{"start":{"line":4,"column":0},"end":{"line":4,"column":44}},"3":{"start":{"line":5,"column":0},"end":{"line":5,"column":42}},"4":{"start":{"line":6,"column":0},"end":{"line":6,"column":49}},"5":{"start":{"line":7,"column":0},"end":{"line":7,"column":48}},"6":{"start":{"line":9,"column":0},"end":{"line":9,"column":27}}},"fnMap":{},"branchMap":{},"s":{"0":4,"1":4,"2":4,"3":4,"4":4,"5":4,"6":4},"f":{},"b":{},"_coverageSchema":"1a1c01bbd47fc00a2c39e90264f33305004495a9","hash":"efa57d4783ce85a10dd631b05d06025198529a8f"}
,"C:\\Users\\Valih\\Documents\\Hacktive8\\Phase 2\\individual project\\IP-RMT56\\server\\routers\\index.js": {"path":"C:\\Users\\Valih\\Documents\\Hacktive8\\Phase 2\\individual project\\IP-RMT56\\server\\routers\\index.js","statementMap":{"0":{"start":{"line":1,"column":15},"end":{"line":1,"column":42}},"1":{"start":{"line":3,"column":23},"end":{"line":3,"column":67}},"2":{"start":{"line":4,"column":19},"end":{"line":4,"column":60}},"3":{"start":{"line":5,"column":23},"end":{"line":5,"column":63}},"4":{"start":{"line":6,"column":20},"end":{"line":6,"column":38}},"5":{"start":{"line":7,"column":23},"end":{"line":7,"column":44}},"6":{"start":{"line":8,"column":19},"end":{"line":8,"column":36}},"7":{"start":{"line":9,"column":22},"end":{"line":9,"column":42}},"8":{"start":{"line":11,"column":0},"end":{"line":11,"column":40}},"9":{"start":{"line":12,"column":0},"end":{"line":12,"column":23}},"10":{"start":{"line":13,"column":0},"end":{"line":13,"column":26}},"11":{"start":{"line":14,"column":0},"end":{"line":14,"column":37}},"12":{"start":{"line":15,"column":0},"end":{"line":15,"column":39}},"13":{"start":{"line":16,"column":0},"end":{"line":16,"column":31}},"14":{"start":{"line":18,"column":0},"end":{"line":18,"column":23}}},"fnMap":{},"branchMap":{},"s":{"0":4,"1":4,"2":4,"3":4,"4":4,"5":4,"6":4,"7":4,"8":4,"9":4,"10":4,"11":4,"12":4,"13":4,"14":4},"f":{},"b":{},"_coverageSchema":"1a1c01bbd47fc00a2c39e90264f33305004495a9","hash":"922aa48d8770a9db3f84072fe811db3a467e12d5"}
,"C:\\Users\\Valih\\Documents\\Hacktive8\\Phase 2\\individual project\\IP-RMT56\\server\\routers\\products.js": {"path":"C:\\Users\\Valih\\Documents\\Hacktive8\\Phase 2\\individual project\\IP-RMT56\\server\\routers\\products.js","statementMap":{"0":{"start":{"line":1,"column":19},"end":{"line":1,"column":63}},"1":{"start":{"line":2,"column":23},"end":{"line":2,"column":50}},"2":{"start":{"line":4,"column":0},"end":{"line":4,"column":50}},"3":{"start":{"line":5,"column":0},"end":{"line":5,"column":64}},"4":{"start":{"line":7,"column":0},"end":{"line":7,"column":31}}},"fnMap":{},"branchMap":{},"s":{"0":4,"1":4,"2":4,"3":4,"4":4},"f":{},"b":{},"_coverageSchema":"1a1c01bbd47fc00a2c39e90264f33305004495a9","hash":"95f5780ecfa1e2cc0d37e367bcf0c495c9ac915a"}
,"C:\\Users\\Valih\\Documents\\Hacktive8\\Phase 2\\individual project\\IP-RMT56\\server\\routers\\profile.js": {"path":"C:\\Users\\Valih\\Documents\\Hacktive8\\Phase 2\\individual project\\IP-RMT56\\server\\routers\\profile.js","statementMap":{"0":{"start":{"line":1,"column":19},"end":{"line":1,"column":62}},"1":{"start":{"line":2,"column":22},"end":{"line":2,"column":49}},"2":{"start":{"line":4,"column":0},"end":{"line":4,"column":46}},"3":{"start":{"line":5,"column":0},"end":{"line":5,"column":61}},"4":{"start":{"line":7,"column":0},"end":{"line":7,"column":30}}},"fnMap":{},"branchMap":{},"s":{"0":4,"1":4,"2":4,"3":4,"4":4},"f":{},"b":{},"_coverageSchema":"1a1c01bbd47fc00a2c39e90264f33305004495a9","hash":"6599808f0b8b65ae8306ddb60defea3688efb886"}
,"C:\\Users\\Valih\\Documents\\Hacktive8\\Phase 2\\individual project\\IP-RMT56\\server\\routers\\users.js": {"path":"C:\\Users\\Valih\\Documents\\Hacktive8\\Phase 2\\individual project\\IP-RMT56\\server\\routers\\users.js","statementMap":{"0":{"start":{"line":1,"column":19},"end":{"line":1,"column":60}},"1":{"start":{"line":3,"column":20},"end":{"line":3,"column":47}},"2":{"start":{"line":5,"column":0},"end":{"line":5,"column":50}},"3":{"start":{"line":6,"column":0},"end":{"line":6,"column":44}},"4":{"start":{"line":7,"column":0},"end":{"line":7,"column":56}},"5":{"start":{"line":8,"column":0},"end":{"line":8,"column":56}},"6":{"start":{"line":9,"column":0},"end":{"line":9,"column":28}}},"fnMap":{},"branchMap":{},"s":{"0":4,"1":4,"2":4,"3":4,"4":4,"5":4,"6":4},"f":{},"b":{},"_coverageSchema":"1a1c01bbd47fc00a2c39e90264f33305004495a9","hash":"9c247118dc6a48f308dfcb1a9c3f7485db3ef95b"}
}
